[
  {
    "timestamp": "2016-03-11 05:20:27.292767", 
    "testcases": [
      {
        "description": "Test that crypt was not used", 
        "ptsEarned": 1.0, 
        "log": "Trying to compile your code...\nSuccessfully compiled your code..\nSuccess :)", 
        "name": "test_no_crypt", 
        "ptsPossible": 1.0
      }, 
      {
        "description": "Test a single valid password", 
        "ptsEarned": 0.0, 
        "log": "Trying to compile your code...\nSuccessfully compiled your code..\nFailed to find correct password in stdout", 
        "name": "test_one_valid_password", 
        "ptsPossible": 1.0
      }, 
      {
        "description": "Test a single invalid password", 
        "ptsEarned": 0.0, 
        "log": "Trying to compile your code...\nSuccessfully compiled your code..\nFailed to find output for not found password", 
        "name": "test_one_invalid_password", 
        "ptsPossible": 1.0
      }, 
      {
        "description": "Test that two threads run at same time", 
        "ptsEarned": 0.0, 
        "log": "Trying to compile your code...\nSuccessfully compiled your code..\nTook to long to execute, are you threading?", 
        "name": "test_two_threads", 
        "ptsPossible": 1.0
      }, 
      {
        "description": "Test that four threads run at same time, cracking 4 passwords", 
        "ptsEarned": 0.0, 
        "log": "Trying to compile your code...\nSuccessfully compiled your code..\nTook to long to execute, are you threading?", 
        "name": "test_four_threads", 
        "ptsPossible": 1.0
      }, 
      {
        "description": "Test that 4 threads run at same time cracking 12 passwords", 
        "ptsEarned": 0.0, 
        "log": "Trying to compile your code...\nSuccessfully compiled your code..\nTook to long to execute, are you threading?", 
        "name": "test_12_threads", 
        "ptsPossible": 1.0
      }, 
      {
        "description": "Test that the program doesn't busy wait", 
        "ptsEarned": 0.0, 
        "log": "Trying to compile your code...\nSuccessfully compiled your code..\nDid not find correct outputs", 
        "name": "test_no_busy_wait_threads", 
        "ptsPossible": 1.0
      }, 
      {
        "description": "Test that the program doesn't exit until EOF is found", 
        "ptsEarned": 0.0, 
        "log": "Trying to compile your code...\nSuccessfully compiled your code..\nFailed to find total_time output", 
        "name": "test_eof_end", 
        "ptsPossible": 1.0
      }, 
      {
        "description": "Test that your queue works properly by checking order of outputs", 
        "ptsEarned": 0.0, 
        "log": "Trying to compile your code...\nSuccessfully compiled your code..\nDid not find correct outputs", 
        "name": "test_queue_by_output", 
        "ptsPossible": 1.0
      }, 
      {
        "description": "Test the order of output of imbalanced loads", 
        "ptsEarned": 0.0, 
        "log": "Trying to compile your code...\nSuccessfully compiled your code..\nFailed the test", 
        "name": "test_imbalanced_load", 
        "ptsPossible": 1.0
      }, 
      {
        "description": "Test a single password", 
        "ptsEarned": 1.0, 
        "log": "Trying to compile your code...\nSuccessfully compiled your code..\nSuccess :)", 
        "name": "test_memory_easy", 
        "ptsPossible": 1.0
      }, 
      {
        "description": "Test a couple of passwords", 
        "ptsEarned": 1.0, 
        "log": "Trying to compile your code...\nSuccessfully compiled your code..\nSuccess :)", 
        "name": "test_memory_medium", 
        "ptsPossible": 1.0
      }, 
      {
        "description": "Test a lot of password", 
        "ptsEarned": 1.0, 
        "log": "Trying to compile your code...\nSuccessfully compiled your code..\nSuccess :)", 
        "name": "test_memory_hard", 
        "ptsPossible": 1.0
      }, 
      {
        "description": "Test correct password and crypt_r() count", 
        "ptsEarned": 0.0, 
        "log": "Trying to compile your code...\nSuccessfully compiled your code..\nFound correct output, wrong hash count", 
        "name": "test_crypt_r_count", 
        "ptsPossible": 1.0
      }
    ], 
    "revision": "(Pull Time: 2016-03-14 | Revision # 46212)", 
    "checksum": "77fdc5590606e8e407e770b22a0040ee81862529  cracker1.c"
  }, 
  {
    "timestamp": "2016-03-11 12:06:54.347306", 
    "testcases": [
      {
        "log": "Trying to compile your code...\nSuccessfully compiled your code..\nSuccess :)", 
        "ptsEarned": 1.0, 
        "ptsPossible": 1.0, 
        "name": "test_no_crypt", 
        "description": "Test that crypt was not used"
      }, 
      {
        "log": "Trying to compile your code...\nSuccessfully compiled your code..\nFailed to find correct password in stdout", 
        "ptsEarned": 0.0, 
        "ptsPossible": 1.0, 
        "name": "test_one_valid_password", 
        "description": "Test a single valid password"
      }, 
      {
        "log": "Trying to compile your code...\nSuccessfully compiled your code..\nFailed to find output for not found password", 
        "ptsEarned": 0.0, 
        "ptsPossible": 1.0, 
        "name": "test_one_invalid_password", 
        "description": "Test a single invalid password"
      }, 
      {
        "log": "Trying to compile your code...\nSuccessfully compiled your code..\nFailed to find cpu usage output", 
        "ptsEarned": 0.0, 
        "ptsPossible": 1.0, 
        "name": "test_two_threads", 
        "description": "Test that two threads run at same time"
      }, 
      {
        "log": "Trying to compile your code...\nSuccessfully compiled your code..\nFailed to find cpu usage output", 
        "ptsEarned": 0.0, 
        "ptsPossible": 1.0, 
        "name": "test_four_threads", 
        "description": "Test that four threads run at same time, cracking 4 passwords"
      }, 
      {
        "log": "Trying to compile your code...\nSuccessfully compiled your code..\nCould not find cpu usage\nTook to long to execute, are you threading?", 
        "ptsEarned": 0.0, 
        "ptsPossible": 1.0, 
        "name": "test_12_threads", 
        "description": "Test that 4 threads run at same time cracking 12 passwords"
      }, 
      {
        "log": "Trying to compile your code...\nSuccessfully compiled your code..\nFailed to find cpu usage output", 
        "ptsEarned": 0.0, 
        "ptsPossible": 1.0, 
        "name": "test_no_busy_wait_threads", 
        "description": "Test that the program doesn't busy wait"
      }, 
      {
        "log": "Trying to compile your code...\nSuccessfully compiled your code..\nFailed to find total_time output", 
        "ptsEarned": 0.0, 
        "ptsPossible": 1.0, 
        "name": "test_eof_end", 
        "description": "Test that the program doesn't exit until EOF is found"
      }, 
      {
        "log": "Trying to compile your code...\nSuccessfully compiled your code..\nDid not find correct outputs", 
        "ptsEarned": 0.0, 
        "ptsPossible": 1.0, 
        "name": "test_queue_by_output", 
        "description": "Test that your queue works properly by checking order of outputs"
      }, 
      {
        "log": "Unknown autograder error when running test, please report to staff", 
        "ptsEarned": 0.0, 
        "ptsPossible": 1.0, 
        "name": "test_imbalanced_load", 
        "description": "Test the order of output of imbalanced loads"
      }, 
      {
        "log": "Trying to compile your code...\nSuccessfully compiled your code..\nSuccess :)", 
        "ptsEarned": 1.0, 
        "ptsPossible": 1.0, 
        "name": "test_memory_easy", 
        "description": "Test a single password"
      }, 
      {
        "log": "Trying to compile your code...\nSuccessfully compiled your code..\nSuccess :)", 
        "ptsEarned": 1.0, 
        "ptsPossible": 1.0, 
        "name": "test_memory_medium", 
        "description": "Test a couple of passwords"
      }, 
      {
        "log": "Trying to compile your code...\nSuccessfully compiled your code..\nSuccess :)", 
        "ptsEarned": 1.0, 
        "ptsPossible": 1.0, 
        "name": "test_memory_hard", 
        "description": "Test a lot of password"
      }, 
      {
        "log": "Trying to compile your code...\nSuccessfully compiled your code..\nFound correct output, wrong hash count", 
        "ptsEarned": 0.0, 
        "ptsPossible": 1.0, 
        "name": "test_crypt_r_count", 
        "description": "Test correct password and crypt_r() count"
      }
    ], 
    "checksum": "77fdc5590606e8e407e770b22a0040ee81862529  cracker1.c", 
    "revision": "(Pull Time: 2016-03-14 | Revision # 46270)"
  }, 
  {
    "timestamp": "2016-03-12 16:15:09.061196", 
    "testcases": [
      {
        "ptsPossible": 1.0, 
        "ptsEarned": 1.0, 
        "description": "Test that crypt was not used", 
        "name": "test_no_crypt", 
        "log": "Trying to compile your code...\nSuccessfully compiled your code..\nSuccess :)"
      }, 
      {
        "ptsPossible": 1.0, 
        "ptsEarned": 0.0, 
        "description": "Test a single valid password", 
        "name": "test_one_valid_password", 
        "log": "Trying to compile your code...\nSuccessfully compiled your code..\nFailed to find correct password in stdout"
      }, 
      {
        "ptsPossible": 1.0, 
        "ptsEarned": 0.0, 
        "description": "Test a single invalid password", 
        "name": "test_one_invalid_password", 
        "log": "Trying to compile your code...\nSuccessfully compiled your code..\nFailed to find output for not found password"
      }, 
      {
        "ptsPossible": 1.0, 
        "ptsEarned": 0.0, 
        "description": "Test that two threads run at same time", 
        "name": "test_two_threads", 
        "log": "Trying to compile your code...\nSuccessfully compiled your code..\nFailed to find cpu usage output"
      }, 
      {
        "ptsPossible": 1.0, 
        "ptsEarned": 0.0, 
        "description": "Test that four threads run at same time, cracking 4 passwords", 
        "name": "test_four_threads", 
        "log": "Trying to compile your code...\nSuccessfully compiled your code..\nFailed to find cpu usage output"
      }, 
      {
        "ptsPossible": 1.0, 
        "ptsEarned": 0.0, 
        "description": "Test that 4 threads run at same time cracking 12 passwords", 
        "name": "test_12_threads", 
        "log": "Trying to compile your code...\nSuccessfully compiled your code..\nCould not find cpu usage\nTook to long to execute, are you threading?"
      }, 
      {
        "ptsPossible": 1.0, 
        "ptsEarned": 0.0, 
        "description": "Test that the program doesn't busy wait", 
        "name": "test_no_busy_wait_threads", 
        "log": "Trying to compile your code...\nSuccessfully compiled your code..\nFailed to find cpu usage output"
      }, 
      {
        "ptsPossible": 1.0, 
        "ptsEarned": 0.0, 
        "description": "Test that the program doesn't exit until EOF is found", 
        "name": "test_eof_end", 
        "log": "Trying to compile your code...\nSuccessfully compiled your code..\nFailed to find total_time output"
      }, 
      {
        "ptsPossible": 1.0, 
        "ptsEarned": 0.0, 
        "description": "Test that your queue works properly by checking order of outputs", 
        "name": "test_queue_by_output", 
        "log": "Trying to compile your code...\nSuccessfully compiled your code..\nDid not find correct outputs"
      }, 
      {
        "ptsPossible": 1.0, 
        "ptsEarned": 0.0, 
        "description": "Test the order of output of imbalanced loads", 
        "name": "test_imbalanced_load", 
        "log": "Unknown autograder error when running test, please report to staff"
      }, 
      {
        "ptsPossible": 1.0, 
        "ptsEarned": 1.0, 
        "description": "Test a single password", 
        "name": "test_memory_easy", 
        "log": "Trying to compile your code...\nSuccessfully compiled your code..\nSuccess :)"
      }, 
      {
        "ptsPossible": 1.0, 
        "ptsEarned": 1.0, 
        "description": "Test a couple of passwords", 
        "name": "test_memory_medium", 
        "log": "Trying to compile your code...\nSuccessfully compiled your code..\nSuccess :)"
      }, 
      {
        "ptsPossible": 1.0, 
        "ptsEarned": 1.0, 
        "description": "Test a lot of password", 
        "name": "test_memory_hard", 
        "log": "Trying to compile your code...\nSuccessfully compiled your code..\nSuccess :)"
      }, 
      {
        "ptsPossible": 1.0, 
        "ptsEarned": 0.0, 
        "description": "Test correct password and crypt_r() count", 
        "name": "test_crypt_r_count", 
        "log": "Trying to compile your code...\nSuccessfully compiled your code..\nFound correct output, wrong hash count"
      }
    ], 
    "revision": "(Pull Time: 2016-03-14 | Revision # 47046)", 
    "checksum": "77fdc5590606e8e407e770b22a0040ee81862529  cracker1.c"
  }, 
  {
    "timestamp": "2016-03-13 07:26:44.190629", 
    "testcases": [
      {
        "description": "Test that crypt was not used", 
        "ptsEarned": 1.0, 
        "log": "Trying to compile your code...\nSuccessfully compiled your code..\nSuccess :)", 
        "name": "test_no_crypt", 
        "ptsPossible": 1.0
      }, 
      {
        "description": "Test a single valid password", 
        "ptsEarned": 0.0, 
        "log": "Trying to compile your code...\nSuccessfully compiled your code..\nFailed to find correct password in stdout", 
        "name": "test_one_valid_password", 
        "ptsPossible": 1.0
      }, 
      {
        "description": "Test a single invalid password", 
        "ptsEarned": 0.0, 
        "log": "Trying to compile your code...\nSuccessfully compiled your code..\nFailed to find output for not found password", 
        "name": "test_one_invalid_password", 
        "ptsPossible": 1.0
      }, 
      {
        "description": "Test that two threads run at same time", 
        "ptsEarned": 0.0, 
        "log": "Trying to compile your code...\nSuccessfully compiled your code..\nFailed to find cpu usage output", 
        "name": "test_two_threads", 
        "ptsPossible": 1.0
      }, 
      {
        "description": "Test that four threads run at same time, cracking 4 passwords", 
        "ptsEarned": 0.0, 
        "log": "Trying to compile your code...\nSuccessfully compiled your code..\nFailed to find cpu usage output", 
        "name": "test_four_threads", 
        "ptsPossible": 1.0
      }, 
      {
        "description": "Test that 4 threads run at same time cracking 12 passwords", 
        "ptsEarned": 0.0, 
        "log": "Trying to compile your code...\nSuccessfully compiled your code..\nCould not find cpu usage\nTook to long to execute, are you threading?", 
        "name": "test_12_threads", 
        "ptsPossible": 1.0
      }, 
      {
        "description": "Test that the program doesn't busy wait", 
        "ptsEarned": 0.0, 
        "log": "Trying to compile your code...\nSuccessfully compiled your code..\nFailed to find cpu usage output", 
        "name": "test_no_busy_wait_threads", 
        "ptsPossible": 1.0
      }, 
      {
        "description": "Test that the program doesn't exit until EOF is found", 
        "ptsEarned": 0.0, 
        "log": "Trying to compile your code...\nSuccessfully compiled your code..\nFailed to find total_time output", 
        "name": "test_eof_end", 
        "ptsPossible": 1.0
      }, 
      {
        "description": "Test that your queue works properly by checking order of outputs", 
        "ptsEarned": 0.0, 
        "log": "Trying to compile your code...\nSuccessfully compiled your code..\nDid not find correct outputs", 
        "name": "test_queue_by_output", 
        "ptsPossible": 1.0
      }, 
      {
        "description": "Test the order of output of imbalanced loads", 
        "ptsEarned": 0.0, 
        "log": "Unknown autograder error when running test, please report to staff", 
        "name": "test_imbalanced_load", 
        "ptsPossible": 1.0
      }, 
      {
        "description": "Test a single password", 
        "ptsEarned": 1.0, 
        "log": "Trying to compile your code...\nSuccessfully compiled your code..\nSuccess :)", 
        "name": "test_memory_easy", 
        "ptsPossible": 1.0
      }, 
      {
        "description": "Test a couple of passwords", 
        "ptsEarned": 1.0, 
        "log": "Trying to compile your code...\nSuccessfully compiled your code..\nSuccess :)", 
        "name": "test_memory_medium", 
        "ptsPossible": 1.0
      }, 
      {
        "description": "Test a lot of password", 
        "ptsEarned": 1.0, 
        "log": "Trying to compile your code...\nSuccessfully compiled your code..\nSuccess :)", 
        "name": "test_memory_hard", 
        "ptsPossible": 1.0
      }, 
      {
        "description": "Test correct password and crypt_r() count", 
        "ptsEarned": 0.0, 
        "log": "Trying to compile your code...\nSuccessfully compiled your code..\nFound correct output, wrong hash count", 
        "name": "test_crypt_r_count", 
        "ptsPossible": 1.0
      }
    ], 
    "checksum": "77fdc5590606e8e407e770b22a0040ee81862529  cracker1.c", 
    "revision": "(Pull Time: 2016-03-14 | Revision # 47957)"
  }, 
  {
    "timestamp": "2016-03-14 16:27:03.356459", 
    "testcases": [
      {
        "log": "Trying to compile your code...\nSuccessfully compiled your code..\nSuccess :)", 
        "ptsEarned": 1.0, 
        "ptsPossible": 1.0, 
        "name": "test_no_crypt", 
        "description": "Test that crypt was not used"
      }, 
      {
        "log": "Trying to compile your code...\nSuccessfully compiled your code..\nFailed to find correct password in stdout", 
        "ptsEarned": 0.0, 
        "ptsPossible": 1.0, 
        "name": "test_one_valid_password", 
        "description": "Test a single valid password"
      }, 
      {
        "log": "Trying to compile your code...\nSuccessfully compiled your code..\nFailed to find output for not found password", 
        "ptsEarned": 0.0, 
        "ptsPossible": 1.0, 
        "name": "test_one_invalid_password", 
        "description": "Test a single invalid password"
      }, 
      {
        "log": "Trying to compile your code...\nSuccessfully compiled your code..\nFailed to find cpu usage output", 
        "ptsEarned": 0.0, 
        "ptsPossible": 1.0, 
        "name": "test_two_threads", 
        "description": "Test that two threads run at same time"
      }, 
      {
        "log": "Trying to compile your code...\nSuccessfully compiled your code..\nFailed to find cpu usage output", 
        "ptsEarned": 0.0, 
        "ptsPossible": 1.0, 
        "name": "test_four_threads", 
        "description": "Test that four threads run at same time, cracking 4 passwords"
      }, 
      {
        "log": "Trying to compile your code...\nSuccessfully compiled your code..\nCould not find cpu usage\nTook to long to execute, are you threading?", 
        "ptsEarned": 0.0, 
        "ptsPossible": 1.0, 
        "name": "test_12_threads", 
        "description": "Test that 4 threads run at same time cracking 12 passwords"
      }, 
      {
        "log": "Trying to compile your code...\nSuccessfully compiled your code..\nFailed to find cpu usage output", 
        "ptsEarned": 0.0, 
        "ptsPossible": 1.0, 
        "name": "test_no_busy_wait_threads", 
        "description": "Test that the program doesn't busy wait"
      }, 
      {
        "log": "Trying to compile your code...\nSuccessfully compiled your code..\nFailed to find total_time output", 
        "ptsEarned": 0.0, 
        "ptsPossible": 1.0, 
        "name": "test_eof_end", 
        "description": "Test that the program doesn't exit until EOF is found"
      }, 
      {
        "log": "Trying to compile your code...\nSuccessfully compiled your code..\nDid not find correct outputs", 
        "ptsEarned": 0.0, 
        "ptsPossible": 1.0, 
        "name": "test_queue_by_output", 
        "description": "Test that your queue works properly by checking order of outputs"
      }, 
      {
        "log": "Unknown autograder error when running test, please report to staff", 
        "ptsEarned": 0.0, 
        "ptsPossible": 1.0, 
        "name": "test_imbalanced_load", 
        "description": "Test the order of output of imbalanced loads"
      }, 
      {
        "log": "Trying to compile your code...\nSuccessfully compiled your code..\nSuccess :)", 
        "ptsEarned": 1.0, 
        "ptsPossible": 1.0, 
        "name": "test_memory_easy", 
        "description": "Test a single password"
      }, 
      {
        "log": "Trying to compile your code...\nSuccessfully compiled your code..\nSuccess :)", 
        "ptsEarned": 1.0, 
        "ptsPossible": 1.0, 
        "name": "test_memory_medium", 
        "description": "Test a couple of passwords"
      }, 
      {
        "log": "Trying to compile your code...\nSuccessfully compiled your code..\nSuccess :)", 
        "ptsEarned": 1.0, 
        "ptsPossible": 1.0, 
        "name": "test_memory_hard", 
        "description": "Test a lot of password"
      }, 
      {
        "log": "Trying to compile your code...\nSuccessfully compiled your code..\nFound correct output, wrong hash count", 
        "ptsEarned": 0.0, 
        "ptsPossible": 1.0, 
        "name": "test_crypt_r_count", 
        "description": "Test correct password and crypt_r() count"
      }
    ], 
    "revision": "(Pull Time: 2016-03-14 | Revision # 49226)", 
    "checksum": "77fdc5590606e8e407e770b22a0040ee81862529  cracker1.c"
  }, 
  {
    "timestamp": "2016-03-14 19:10:58.852144", 
    "testcases": [
      {
        "ptsPossible": 1.0, 
        "ptsEarned": 1.0, 
        "description": "Test that crypt was not used", 
        "name": "test_no_crypt", 
        "log": "Trying to compile your code...\nSuccessfully compiled your code..\nSuccess :)"
      }, 
      {
        "ptsPossible": 1.0, 
        "ptsEarned": 0.0, 
        "description": "Test a single valid password", 
        "name": "test_one_valid_password", 
        "log": "Trying to compile your code...\nSuccessfully compiled your code..\nFailed to find correct password in stdout"
      }, 
      {
        "ptsPossible": 1.0, 
        "ptsEarned": 0.0, 
        "description": "Test a single invalid password", 
        "name": "test_one_invalid_password", 
        "log": "Trying to compile your code...\nSuccessfully compiled your code..\nFailed to find output for not found password"
      }, 
      {
        "ptsPossible": 1.0, 
        "ptsEarned": 0.0, 
        "description": "Test that two threads run at same time", 
        "name": "test_two_threads", 
        "log": "Trying to compile your code...\nSuccessfully compiled your code..\nFailed to find cpu usage output"
      }, 
      {
        "ptsPossible": 1.0, 
        "ptsEarned": 0.0, 
        "description": "Test that four threads run at same time, cracking 4 passwords", 
        "name": "test_four_threads", 
        "log": "Trying to compile your code...\nSuccessfully compiled your code..\nFailed to find cpu usage output"
      }, 
      {
        "ptsPossible": 1.0, 
        "ptsEarned": 0.0, 
        "description": "Test that 4 threads run at same time cracking 12 passwords", 
        "name": "test_12_threads", 
        "log": "Trying to compile your code...\nSuccessfully compiled your code..\nCould not find cpu usage\nTook to long to execute, are you threading?"
      }, 
      {
        "ptsPossible": 1.0, 
        "ptsEarned": 0.0, 
        "description": "Test that the program doesn't busy wait", 
        "name": "test_no_busy_wait_threads", 
        "log": "Trying to compile your code...\nSuccessfully compiled your code..\nFailed to find cpu usage output"
      }, 
      {
        "ptsPossible": 1.0, 
        "ptsEarned": 0.0, 
        "description": "Test that the program doesn't exit until EOF is found", 
        "name": "test_eof_end", 
        "log": "Trying to compile your code...\nSuccessfully compiled your code..\nFailed to find total_time output"
      }, 
      {
        "ptsPossible": 1.0, 
        "ptsEarned": 0.0, 
        "description": "Test that your queue works properly by checking order of outputs", 
        "name": "test_queue_by_output", 
        "log": "Trying to compile your code...\nSuccessfully compiled your code..\nDid not find correct outputs"
      }, 
      {
        "ptsPossible": 1.0, 
        "ptsEarned": 0.0, 
        "description": "Test the order of output of imbalanced loads", 
        "name": "test_imbalanced_load", 
        "log": "Unknown autograder error when running test, please report to staff"
      }, 
      {
        "ptsPossible": 1.0, 
        "ptsEarned": 1.0, 
        "description": "Test a single password", 
        "name": "test_memory_easy", 
        "log": "Trying to compile your code...\nSuccessfully compiled your code..\nSuccess :)"
      }, 
      {
        "ptsPossible": 1.0, 
        "ptsEarned": 1.0, 
        "description": "Test a couple of passwords", 
        "name": "test_memory_medium", 
        "log": "Trying to compile your code...\nSuccessfully compiled your code..\nSuccess :)"
      }, 
      {
        "ptsPossible": 1.0, 
        "ptsEarned": 1.0, 
        "description": "Test a lot of password", 
        "name": "test_memory_hard", 
        "log": "Trying to compile your code...\nSuccessfully compiled your code..\nSuccess :)"
      }, 
      {
        "ptsPossible": 1.0, 
        "ptsEarned": 0.0, 
        "description": "Test correct password and crypt_r() count", 
        "name": "test_crypt_r_count", 
        "log": "Trying to compile your code...\nSuccessfully compiled your code..\nFound correct output, wrong hash count"
      }
    ], 
    "checksum": "77fdc5590606e8e407e770b22a0040ee81862529  cracker1.c", 
    "revision": "(Pull Time: 2016-03-15 | Revision # 50920)"
  }, 
  {
    "timestamp": "2016-03-14 21:55:06.669308", 
    "testcases": [
      {
        "description": "Test that crypt was not used", 
        "ptsEarned": 1.0, 
        "log": "Trying to compile your code...\nSuccessfully compiled your code..\nSuccess :)", 
        "name": "test_no_crypt", 
        "ptsPossible": 1.0
      }, 
      {
        "description": "Test a single valid password", 
        "ptsEarned": 0.0, 
        "log": "Trying to compile your code...\nSuccessfully compiled your code..\nFailed to find correct password in stdout", 
        "name": "test_one_valid_password", 
        "ptsPossible": 1.0
      }, 
      {
        "description": "Test a single invalid password", 
        "ptsEarned": 0.0, 
        "log": "Trying to compile your code...\nSuccessfully compiled your code..\nFailed to find output for not found password", 
        "name": "test_one_invalid_password", 
        "ptsPossible": 1.0
      }, 
      {
        "description": "Test that two threads run at same time", 
        "ptsEarned": 0.0, 
        "log": "Trying to compile your code...\nSuccessfully compiled your code..\nFailed to find cpu usage output", 
        "name": "test_two_threads", 
        "ptsPossible": 1.0
      }, 
      {
        "description": "Test that four threads run at same time, cracking 4 passwords", 
        "ptsEarned": 0.0, 
        "log": "Trying to compile your code...\nSuccessfully compiled your code..\nFailed to find cpu usage output", 
        "name": "test_four_threads", 
        "ptsPossible": 1.0
      }, 
      {
        "description": "Test that 4 threads run at same time cracking 12 passwords", 
        "ptsEarned": 0.0, 
        "log": "Trying to compile your code...\nSuccessfully compiled your code..\nCould not find cpu usage\nTook to long to execute, are you threading?", 
        "name": "test_12_threads", 
        "ptsPossible": 1.0
      }, 
      {
        "description": "Test that the program doesn't busy wait", 
        "ptsEarned": 0.0, 
        "log": "Trying to compile your code...\nSuccessfully compiled your code..\nFailed to find cpu usage output", 
        "name": "test_no_busy_wait_threads", 
        "ptsPossible": 1.0
      }, 
      {
        "description": "Test that the program doesn't exit until EOF is found", 
        "ptsEarned": 0.0, 
        "log": "Trying to compile your code...\nSuccessfully compiled your code..\nFailed to find total_time output", 
        "name": "test_eof_end", 
        "ptsPossible": 1.0
      }, 
      {
        "description": "Test that your queue works properly by checking order of outputs", 
        "ptsEarned": 0.0, 
        "log": "Trying to compile your code...\nSuccessfully compiled your code..\nDid not find correct outputs", 
        "name": "test_queue_by_output", 
        "ptsPossible": 1.0
      }, 
      {
        "description": "Test the order of output of imbalanced loads", 
        "ptsEarned": 0.0, 
        "log": "Unknown autograder error when running test, please report to staff", 
        "name": "test_imbalanced_load", 
        "ptsPossible": 1.0
      }, 
      {
        "description": "Test a single password", 
        "ptsEarned": 1.0, 
        "log": "Trying to compile your code...\nSuccessfully compiled your code..\nSuccess :)", 
        "name": "test_memory_easy", 
        "ptsPossible": 1.0
      }, 
      {
        "description": "Test a couple of passwords", 
        "ptsEarned": 1.0, 
        "log": "Trying to compile your code...\nSuccessfully compiled your code..\nSuccess :)", 
        "name": "test_memory_medium", 
        "ptsPossible": 1.0
      }, 
      {
        "description": "Test a lot of password", 
        "ptsEarned": 1.0, 
        "log": "Trying to compile your code...\nSuccessfully compiled your code..\nSuccess :)", 
        "name": "test_memory_hard", 
        "ptsPossible": 1.0
      }, 
      {
        "description": "Test correct password and crypt_r() count", 
        "ptsEarned": 0.0, 
        "log": "Trying to compile your code...\nSuccessfully compiled your code..\nFound correct output, wrong hash count", 
        "name": "test_crypt_r_count", 
        "ptsPossible": 1.0
      }
    ], 
    "revision": "(Pull Time: 2016-03-15 | Revision # 51479)", 
    "checksum": "77fdc5590606e8e407e770b22a0040ee81862529  cracker1.c"
  }, 
  {
    "timestamp": "2016-03-15 02:42:09.945848", 
    "testcases": [
      {
        "log": "Trying to compile your code...\nFAILED TO COMPILE!\ncracker1.c: In function \u2018start\u2019:\ncracker1.c:44:5: error: unknown type name \u2018Queue\u2019\n     Queue queue;\n     ^\ncracker1.c:45:5: error: implicit declaration of function \u2018Queue_init\u2019 [-Werror=implicit-function-declaration]\n     Queue_init(&queue, 100);\n     ^\ncracker1.c:50:5: error: unknown type name \u2018Crack\u2019\n     Crack *crack;\n     ^\ncracker1.c:54:31: error: \u2018Crack\u2019 undeclared (first use in this function)\n         crack = malloc(sizeof(Crack));\n                               ^\ncracker1.c:54:31: note: each undeclared identifier is reported only once for each function it appears in\ncracker1.c:55:14: error: request for member \u2018username\u2019 in something not a structure or union\n         crack->username = username;\n              ^\ncracker1.c:56:14: error: request for member \u2018hash\u2019 in something not a structure or union\n         crack->hash = hash;\n              ^\ncracker1.c:57:14: error: request for member \u2018partial_password\u2019 in something not a structure or union\n         crack->partial_password = partial_password;\n              ^\ncracker1.c:61:45: error: request for member \u2018partial_password\u2019 in something not a structure or union\n         for(unsigned i = 0; i < strlen(crack->partial_password);i++){\n                                             ^\ncracker1.c:66:14: error: request for member \u2018remaining_length\u2019 in something not a structure or union\n         crack->remaining_length = remaining_length;\n              ^\ncracker1.c:68:9: error: implicit declaration of function \u2018Queue_push\u2019 [-Werror=implicit-function-declaration]\n         Queue_push(&queue, crack);\n         ^\ncracker1.c:82:5: error: unknown type name \u2018Task\u2019\n     Task *tasks = malloc(thread_count * sizeof(Task));\n     ^\ncracker1.c:82:48: error: \u2018Task\u2019 undeclared (first use in this function)\n     Task *tasks = malloc(thread_count * sizeof(Task));\n                                                ^\ncracker1.c:84:17: error: request for member \u2018q\u2019 in something not a structure or union\n         tasks[i].q = &queue;\n                 ^\ncracker1.c:85:17: error: request for member \u2018threadId\u2019 in something not a structure or union\n         tasks[i].threadId = i;\n                 ^\ncracker1.c:86:38: error: \u2018crack_password\u2019 undeclared (first use in this function)\n         pthread_create(&pthr[i],NULL,crack_password,&tasks[i]);//int pthread_create(pthread_t *thread, const pthread_attr_t *attr,\n                                      ^\ncracker1.c:91:5: error: unknown type name \u2018Result\u2019\n     Result *ret;\n     ^\ncracker1.c:96:16: error: \u2018Result\u2019 undeclared (first use in this function)\n         ret = (Result *)r;\n                ^\ncracker1.c:96:24: error: expected expression before \u2018)\u2019 token\n         ret = (Result *)r;\n                        ^\ncracker1.c:97:23: error: request for member \u2018success\u2019 in something not a structure or union\n         success += ret->success;\n                       ^\ncracker1.c:98:23: error: request for member \u2018failure\u2019 in something not a structure or union\n         failure =+ ret->failure;\n                       ^\ncracker1.c: At top level:\ncracker1.c:117:25: error: \u2018struct crypt_data\u2019 declared inside parameter list [-Werror]\n int try_password(struct crypt_data *cdata, char *guess, char *hash)\n                         ^\ncracker1.c:117:25: error: its scope is only this definition or declaration, which is probably not what you want [-Werror]\ncracker1.c: In function \u2018try_password\u2019:\ncracker1.c:119:5: error: implicit declaration of function \u2018crypt_r\u2019 [-Werror=implicit-function-declaration]\n     if(strcmp(crypt_r(guess, \"xx\", cdata), hash) == 0)\n     ^\ncracker1.c:119:5: error: passing argument 1 of \u2018strlen\u2019 makes pointer from integer without a cast [-Werror]\nIn file included from cracker1.c:7:0:\n/usr/include/string.h:395:15: note: expected \u2018const char *\u2019 but argument is of type \u2018int\u2019\n extern size_t strlen (const char *__s)\n               ^\ncracker1.c:119:5: error: passing argument 1 of \u2018__builtin_strcmp\u2019 makes pointer from integer without a cast [-Werror]\n     if(strcmp(crypt_r(guess, \"xx\", cdata), hash) == 0)\n     ^\ncracker1.c:119:5: note: expected \u2018const char *\u2019 but argument is of type \u2018int\u2019\ncracker1.c:119:5: error: passing argument 1 of \u2018strlen\u2019 makes pointer from integer without a cast [-Werror]\nIn file included from cracker1.c:7:0:\n/usr/include/string.h:395:15: note: expected \u2018const char *\u2019 but argument is of type \u2018int\u2019\n extern size_t strlen (const char *__s)\n               ^\ncracker1.c:119:5: error: passing argument 1 of \u2018__builtin_strcmp\u2019 makes pointer from integer without a cast [-Werror]\n     if(strcmp(crypt_r(guess, \"xx\", cdata), hash) == 0)\n     ^\ncracker1.c:119:5: note: expected \u2018const char *\u2019 but argument is of type \u2018int\u2019\ncracker1.c:119:5: error: passing argument 1 of \u2018__builtin_strcmp\u2019 makes pointer from integer without a cast [-Werror]\ncracker1.c:119:5: note: expected \u2018const char *\u2019 but argument is of type \u2018int\u2019\ncracker1.c:119:5: error: passing argument 1 of \u2018__builtin_strcmp\u2019 makes pointer from integer without a cast [-Werror]\ncracker1.c:119:5: note: expected \u2018const char *\u2019 but argument is of type \u2018int\u2019\ncracker1.c: At top level:\ncracker1.c:142:27: error: \u2018struct crypt_data\u2019 declared inside parameter list [-Werror]\n int password_guess(struct crypt_data *cdata, char *password, char *hash, int start, int *guesses)\n                           ^\ncracker1.c: In function \u2018password_guess\u2019:\ncracker1.c:155:9: error: passing argument 1 of \u2018try_password\u2019 from incompatible pointer type [-Werror]\n         if(try_password(cdata, password, hash))//base case\n         ^\ncracker1.c:117:5: note: expected \u2018struct crypt_data *\u2019 but argument is of type \u2018struct crypt_data *\u2019\n int try_password(struct crypt_data *cdata, char *guess, char *hash)\n     ^\ncracker1.c: In function \u2018crack_password\u2019:\ncracker1.c:165:5: error: unknown type name \u2018Task\u2019\n     Task *task = (Task *)arg;\n     ^\ncracker1.c:165:19: error: \u2018Task\u2019 undeclared (first use in this function)\n     Task *task = (Task *)arg;\n                   ^\ncracker1.c:165:25: error: expected expression before \u2018)\u2019 token\n     Task *task = (Task *)arg;\n                         ^\ncracker1.c:166:5: error: unknown type name \u2018Queue\u2019\n     Queue *q = task->q;\n     ^\ncracker1.c:166:20: error: request for member \u2018q\u2019 in something not a structure or union\n     Queue *q = task->q;\n                    ^\ncracker1.c:167:5: error: unknown type name \u2018Result\u2019\n     Result *ret = malloc(sizeof(Result));\n     ^\ncracker1.c:167:33: error: \u2018Result\u2019 undeclared (first use in this function)\n     Result *ret = malloc(sizeof(Result));\n                                 ^\ncracker1.c:168:8: error: request for member \u2018success\u2019 in something not a structure or union\n     ret->success = 0;\n        ^\ncracker1.c:169:8: error: request for member \u2018failure\u2019 in something not a structure or union\n     ret->failure = 0;\n        ^\ncracker1.c:171:5: error: unknown type name \u2018Crack\u2019\n     Crack *crack = Queue_pull(q);\n     ^\ncracker1.c:171:5: error: implicit declaration of function \u2018Queue_pull\u2019 [-Werror=implicit-function-declaration]\ncracker1.c:171:20: error: initialization makes pointer from integer without a cast [-Werror]\n     Crack *crack = Queue_pull(q);\n                    ^\ncracker1.c:175:17: error: request for member \u2018username\u2019 in something not a structure or union\n         if(crack->username == NULL)\n                 ^\ncracker1.c:179:27: error: storage size of \u2018cdata\u2019 isn\u2019t known\n         struct crypt_data cdata;\n                           ^\ncracker1.c:185:35: error: request for member \u2018threadId\u2019 in something not a structure or union\n         v1_print_thread_start(task->threadId, crack->username);\n                                   ^\ncracker1.c:185:52: error: request for member \u2018username\u2019 in something not a structure or union\n         v1_print_thread_start(task->threadId, crack->username);\n                                                    ^\ncracker1.c:187:31: error: request for member \u2018partial_password\u2019 in something not a structure or union\n         strcat(password, crack->partial_password);\n                               ^\ncracker1.c:189:50: error: request for member \u2018remaining_length\u2019 in something not a structure or union\n         int start = (int)strlen(password) - crack->remaining_length;\n                                                  ^\ncracker1.c:192:60: error: request for member \u2018hash\u2019 in something not a structure or union\n         int result = password_guess(&cdata, password, crack->hash, start, &guesses);\n                                                            ^\ncracker1.c:201:36: error: request for member \u2018threadId\u2019 in something not a structure or union\n         v1_print_thread_result(task->threadId, crack->username, password, guesses, timeElapsed, result);\n                                    ^\ncracker1.c:201:53: error: request for member \u2018username\u2019 in something not a structure or union\n         v1_print_thread_result(task->threadId, crack->username, password, guesses, timeElapsed, result);\n                                                     ^\ncracker1.c:205:16: error: request for member \u2018success\u2019 in something not a structure or union\n             ret->success++;\n                ^\ncracker1.c:209:16: error: request for member \u2018failure\u2019 in something not a structure or union\n             ret->failure++;\n                ^\ncracker1.c:211:9: error: unknown type name \u2018Crack\u2019\n         Crack *filler = malloc(sizeof(Crack));\n         ^\ncracker1.c:211:39: error: \u2018Crack\u2019 undeclared (first use in this function)\n         Crack *filler = malloc(sizeof(Crack));\n                                       ^\ncracker1.c:212:15: error: request for member \u2018username\u2019 in something not a structure or union\n         filler->username = NULL;\n               ^\ncracker1.c:213:15: error: request for member \u2018hash\u2019 in something not a structure or union\n         filler->hash = NULL;\n               ^\ncracker1.c:214:15: error: request for member \u2018partial_password\u2019 in something not a structure or union\n         filler->partial_password = NULL;\n               ^\ncracker1.c:216:15: error: assignment makes pointer from integer without a cast [-Werror]\n         crack = Queue_pull(q);\n               ^\ncracker1.c:179:27: error: unused variable \u2018cdata\u2019 [-Werror=unused-variable]\n         struct crypt_data cdata;\n                           ^\ncracker1.c:163:28: warning: unused parameter \u2018arg\u2019 [-Wunused-parameter]\n void *crack_password(void *arg)\n                            ^\ncc1: all warnings being treated as errors\nmake: *** [.objs/cracker1-release.o] Error 1\n", 
        "ptsPossible": 1.0, 
        "ptsEarned": 0.0, 
        "name": "test_no_crypt", 
        "description": "Test that crypt was not used"
      }, 
      {
        "log": "Trying to compile your code...\nFAILED TO COMPILE!\ncracker1.c: In function \u2018start\u2019:\ncracker1.c:44:5: error: unknown type name \u2018Queue\u2019\n     Queue queue;\n     ^\ncracker1.c:45:5: error: implicit declaration of function \u2018Queue_init\u2019 [-Werror=implicit-function-declaration]\n     Queue_init(&queue, 100);\n     ^\ncracker1.c:50:5: error: unknown type name \u2018Crack\u2019\n     Crack *crack;\n     ^\ncracker1.c:54:31: error: \u2018Crack\u2019 undeclared (first use in this function)\n         crack = malloc(sizeof(Crack));\n                               ^\ncracker1.c:54:31: note: each undeclared identifier is reported only once for each function it appears in\ncracker1.c:55:14: error: request for member \u2018username\u2019 in something not a structure or union\n         crack->username = username;\n              ^\ncracker1.c:56:14: error: request for member \u2018hash\u2019 in something not a structure or union\n         crack->hash = hash;\n              ^\ncracker1.c:57:14: error: request for member \u2018partial_password\u2019 in something not a structure or union\n         crack->partial_password = partial_password;\n              ^\ncracker1.c:61:45: error: request for member \u2018partial_password\u2019 in something not a structure or union\n         for(unsigned i = 0; i < strlen(crack->partial_password);i++){\n                                             ^\ncracker1.c:66:14: error: request for member \u2018remaining_length\u2019 in something not a structure or union\n         crack->remaining_length = remaining_length;\n              ^\ncracker1.c:68:9: error: implicit declaration of function \u2018Queue_push\u2019 [-Werror=implicit-function-declaration]\n         Queue_push(&queue, crack);\n         ^\ncracker1.c:82:5: error: unknown type name \u2018Task\u2019\n     Task *tasks = malloc(thread_count * sizeof(Task));\n     ^\ncracker1.c:82:48: error: \u2018Task\u2019 undeclared (first use in this function)\n     Task *tasks = malloc(thread_count * sizeof(Task));\n                                                ^\ncracker1.c:84:17: error: request for member \u2018q\u2019 in something not a structure or union\n         tasks[i].q = &queue;\n                 ^\ncracker1.c:85:17: error: request for member \u2018threadId\u2019 in something not a structure or union\n         tasks[i].threadId = i;\n                 ^\ncracker1.c:86:38: error: \u2018crack_password\u2019 undeclared (first use in this function)\n         pthread_create(&pthr[i],NULL,crack_password,&tasks[i]);//int pthread_create(pthread_t *thread, const pthread_attr_t *attr,\n                                      ^\ncracker1.c:91:5: error: unknown type name \u2018Result\u2019\n     Result *ret;\n     ^\ncracker1.c:96:16: error: \u2018Result\u2019 undeclared (first use in this function)\n         ret = (Result *)r;\n                ^\ncracker1.c:96:24: error: expected expression before \u2018)\u2019 token\n         ret = (Result *)r;\n                        ^\ncracker1.c:97:23: error: request for member \u2018success\u2019 in something not a structure or union\n         success += ret->success;\n                       ^\ncracker1.c:98:23: error: request for member \u2018failure\u2019 in something not a structure or union\n         failure =+ ret->failure;\n                       ^\ncracker1.c: At top level:\ncracker1.c:117:25: error: \u2018struct crypt_data\u2019 declared inside parameter list [-Werror]\n int try_password(struct crypt_data *cdata, char *guess, char *hash)\n                         ^\ncracker1.c:117:25: error: its scope is only this definition or declaration, which is probably not what you want [-Werror]\ncracker1.c: In function \u2018try_password\u2019:\ncracker1.c:119:5: error: implicit declaration of function \u2018crypt_r\u2019 [-Werror=implicit-function-declaration]\n     if(strcmp(crypt_r(guess, \"xx\", cdata), hash) == 0)\n     ^\ncracker1.c:119:5: error: passing argument 1 of \u2018strlen\u2019 makes pointer from integer without a cast [-Werror]\nIn file included from cracker1.c:7:0:\n/usr/include/string.h:395:15: note: expected \u2018const char *\u2019 but argument is of type \u2018int\u2019\n extern size_t strlen (const char *__s)\n               ^\ncracker1.c:119:5: error: passing argument 1 of \u2018__builtin_strcmp\u2019 makes pointer from integer without a cast [-Werror]\n     if(strcmp(crypt_r(guess, \"xx\", cdata), hash) == 0)\n     ^\ncracker1.c:119:5: note: expected \u2018const char *\u2019 but argument is of type \u2018int\u2019\ncracker1.c:119:5: error: passing argument 1 of \u2018strlen\u2019 makes pointer from integer without a cast [-Werror]\nIn file included from cracker1.c:7:0:\n/usr/include/string.h:395:15: note: expected \u2018const char *\u2019 but argument is of type \u2018int\u2019\n extern size_t strlen (const char *__s)\n               ^\ncracker1.c:119:5: error: passing argument 1 of \u2018__builtin_strcmp\u2019 makes pointer from integer without a cast [-Werror]\n     if(strcmp(crypt_r(guess, \"xx\", cdata), hash) == 0)\n     ^\ncracker1.c:119:5: note: expected \u2018const char *\u2019 but argument is of type \u2018int\u2019\ncracker1.c:119:5: error: passing argument 1 of \u2018__builtin_strcmp\u2019 makes pointer from integer without a cast [-Werror]\ncracker1.c:119:5: note: expected \u2018const char *\u2019 but argument is of type \u2018int\u2019\ncracker1.c:119:5: error: passing argument 1 of \u2018__builtin_strcmp\u2019 makes pointer from integer without a cast [-Werror]\ncracker1.c:119:5: note: expected \u2018const char *\u2019 but argument is of type \u2018int\u2019\ncracker1.c: At top level:\ncracker1.c:142:27: error: \u2018struct crypt_data\u2019 declared inside parameter list [-Werror]\n int password_guess(struct crypt_data *cdata, char *password, char *hash, int start, int *guesses)\n                           ^\ncracker1.c: In function \u2018password_guess\u2019:\ncracker1.c:155:9: error: passing argument 1 of \u2018try_password\u2019 from incompatible pointer type [-Werror]\n         if(try_password(cdata, password, hash))//base case\n         ^\ncracker1.c:117:5: note: expected \u2018struct crypt_data *\u2019 but argument is of type \u2018struct crypt_data *\u2019\n int try_password(struct crypt_data *cdata, char *guess, char *hash)\n     ^\ncracker1.c: In function \u2018crack_password\u2019:\ncracker1.c:165:5: error: unknown type name \u2018Task\u2019\n     Task *task = (Task *)arg;\n     ^\ncracker1.c:165:19: error: \u2018Task\u2019 undeclared (first use in this function)\n     Task *task = (Task *)arg;\n                   ^\ncracker1.c:165:25: error: expected expression before \u2018)\u2019 token\n     Task *task = (Task *)arg;\n                         ^\ncracker1.c:166:5: error: unknown type name \u2018Queue\u2019\n     Queue *q = task->q;\n     ^\ncracker1.c:166:20: error: request for member \u2018q\u2019 in something not a structure or union\n     Queue *q = task->q;\n                    ^\ncracker1.c:167:5: error: unknown type name \u2018Result\u2019\n     Result *ret = malloc(sizeof(Result));\n     ^\ncracker1.c:167:33: error: \u2018Result\u2019 undeclared (first use in this function)\n     Result *ret = malloc(sizeof(Result));\n                                 ^\ncracker1.c:168:8: error: request for member \u2018success\u2019 in something not a structure or union\n     ret->success = 0;\n        ^\ncracker1.c:169:8: error: request for member \u2018failure\u2019 in something not a structure or union\n     ret->failure = 0;\n        ^\ncracker1.c:171:5: error: unknown type name \u2018Crack\u2019\n     Crack *crack = Queue_pull(q);\n     ^\ncracker1.c:171:5: error: implicit declaration of function \u2018Queue_pull\u2019 [-Werror=implicit-function-declaration]\ncracker1.c:171:20: error: initialization makes pointer from integer without a cast [-Werror]\n     Crack *crack = Queue_pull(q);\n                    ^\ncracker1.c:175:17: error: request for member \u2018username\u2019 in something not a structure or union\n         if(crack->username == NULL)\n                 ^\ncracker1.c:179:27: error: storage size of \u2018cdata\u2019 isn\u2019t known\n         struct crypt_data cdata;\n                           ^\ncracker1.c:185:35: error: request for member \u2018threadId\u2019 in something not a structure or union\n         v1_print_thread_start(task->threadId, crack->username);\n                                   ^\ncracker1.c:185:52: error: request for member \u2018username\u2019 in something not a structure or union\n         v1_print_thread_start(task->threadId, crack->username);\n                                                    ^\ncracker1.c:187:31: error: request for member \u2018partial_password\u2019 in something not a structure or union\n         strcat(password, crack->partial_password);\n                               ^\ncracker1.c:189:50: error: request for member \u2018remaining_length\u2019 in something not a structure or union\n         int start = (int)strlen(password) - crack->remaining_length;\n                                                  ^\ncracker1.c:192:60: error: request for member \u2018hash\u2019 in something not a structure or union\n         int result = password_guess(&cdata, password, crack->hash, start, &guesses);\n                                                            ^\ncracker1.c:201:36: error: request for member \u2018threadId\u2019 in something not a structure or union\n         v1_print_thread_result(task->threadId, crack->username, password, guesses, timeElapsed, result);\n                                    ^\ncracker1.c:201:53: error: request for member \u2018username\u2019 in something not a structure or union\n         v1_print_thread_result(task->threadId, crack->username, password, guesses, timeElapsed, result);\n                                                     ^\ncracker1.c:205:16: error: request for member \u2018success\u2019 in something not a structure or union\n             ret->success++;\n                ^\ncracker1.c:209:16: error: request for member \u2018failure\u2019 in something not a structure or union\n             ret->failure++;\n                ^\ncracker1.c:211:9: error: unknown type name \u2018Crack\u2019\n         Crack *filler = malloc(sizeof(Crack));\n         ^\ncracker1.c:211:39: error: \u2018Crack\u2019 undeclared (first use in this function)\n         Crack *filler = malloc(sizeof(Crack));\n                                       ^\ncracker1.c:212:15: error: request for member \u2018username\u2019 in something not a structure or union\n         filler->username = NULL;\n               ^\ncracker1.c:213:15: error: request for member \u2018hash\u2019 in something not a structure or union\n         filler->hash = NULL;\n               ^\ncracker1.c:214:15: error: request for member \u2018partial_password\u2019 in something not a structure or union\n         filler->partial_password = NULL;\n               ^\ncracker1.c:216:15: error: assignment makes pointer from integer without a cast [-Werror]\n         crack = Queue_pull(q);\n               ^\ncracker1.c:179:27: error: unused variable \u2018cdata\u2019 [-Werror=unused-variable]\n         struct crypt_data cdata;\n                           ^\ncracker1.c:163:28: warning: unused parameter \u2018arg\u2019 [-Wunused-parameter]\n void *crack_password(void *arg)\n                            ^\ncc1: all warnings being treated as errors\nmake: *** [.objs/cracker1-release.o] Error 1\n", 
        "ptsPossible": 1.0, 
        "ptsEarned": 0.0, 
        "name": "test_one_valid_password", 
        "description": "Test a single valid password"
      }, 
      {
        "log": "Trying to compile your code...\nFAILED TO COMPILE!\ncracker1.c: In function \u2018start\u2019:\ncracker1.c:44:5: error: unknown type name \u2018Queue\u2019\n     Queue queue;\n     ^\ncracker1.c:45:5: error: implicit declaration of function \u2018Queue_init\u2019 [-Werror=implicit-function-declaration]\n     Queue_init(&queue, 100);\n     ^\ncracker1.c:50:5: error: unknown type name \u2018Crack\u2019\n     Crack *crack;\n     ^\ncracker1.c:54:31: error: \u2018Crack\u2019 undeclared (first use in this function)\n         crack = malloc(sizeof(Crack));\n                               ^\ncracker1.c:54:31: note: each undeclared identifier is reported only once for each function it appears in\ncracker1.c:55:14: error: request for member \u2018username\u2019 in something not a structure or union\n         crack->username = username;\n              ^\ncracker1.c:56:14: error: request for member \u2018hash\u2019 in something not a structure or union\n         crack->hash = hash;\n              ^\ncracker1.c:57:14: error: request for member \u2018partial_password\u2019 in something not a structure or union\n         crack->partial_password = partial_password;\n              ^\ncracker1.c:61:45: error: request for member \u2018partial_password\u2019 in something not a structure or union\n         for(unsigned i = 0; i < strlen(crack->partial_password);i++){\n                                             ^\ncracker1.c:66:14: error: request for member \u2018remaining_length\u2019 in something not a structure or union\n         crack->remaining_length = remaining_length;\n              ^\ncracker1.c:68:9: error: implicit declaration of function \u2018Queue_push\u2019 [-Werror=implicit-function-declaration]\n         Queue_push(&queue, crack);\n         ^\ncracker1.c:82:5: error: unknown type name \u2018Task\u2019\n     Task *tasks = malloc(thread_count * sizeof(Task));\n     ^\ncracker1.c:82:48: error: \u2018Task\u2019 undeclared (first use in this function)\n     Task *tasks = malloc(thread_count * sizeof(Task));\n                                                ^\ncracker1.c:84:17: error: request for member \u2018q\u2019 in something not a structure or union\n         tasks[i].q = &queue;\n                 ^\ncracker1.c:85:17: error: request for member \u2018threadId\u2019 in something not a structure or union\n         tasks[i].threadId = i;\n                 ^\ncracker1.c:86:38: error: \u2018crack_password\u2019 undeclared (first use in this function)\n         pthread_create(&pthr[i],NULL,crack_password,&tasks[i]);//int pthread_create(pthread_t *thread, const pthread_attr_t *attr,\n                                      ^\ncracker1.c:91:5: error: unknown type name \u2018Result\u2019\n     Result *ret;\n     ^\ncracker1.c:96:16: error: \u2018Result\u2019 undeclared (first use in this function)\n         ret = (Result *)r;\n                ^\ncracker1.c:96:24: error: expected expression before \u2018)\u2019 token\n         ret = (Result *)r;\n                        ^\ncracker1.c:97:23: error: request for member \u2018success\u2019 in something not a structure or union\n         success += ret->success;\n                       ^\ncracker1.c:98:23: error: request for member \u2018failure\u2019 in something not a structure or union\n         failure =+ ret->failure;\n                       ^\ncracker1.c: At top level:\ncracker1.c:117:25: error: \u2018struct crypt_data\u2019 declared inside parameter list [-Werror]\n int try_password(struct crypt_data *cdata, char *guess, char *hash)\n                         ^\ncracker1.c:117:25: error: its scope is only this definition or declaration, which is probably not what you want [-Werror]\ncracker1.c: In function \u2018try_password\u2019:\ncracker1.c:119:5: error: implicit declaration of function \u2018crypt_r\u2019 [-Werror=implicit-function-declaration]\n     if(strcmp(crypt_r(guess, \"xx\", cdata), hash) == 0)\n     ^\ncracker1.c:119:5: error: passing argument 1 of \u2018strlen\u2019 makes pointer from integer without a cast [-Werror]\nIn file included from cracker1.c:7:0:\n/usr/include/string.h:395:15: note: expected \u2018const char *\u2019 but argument is of type \u2018int\u2019\n extern size_t strlen (const char *__s)\n               ^\ncracker1.c:119:5: error: passing argument 1 of \u2018__builtin_strcmp\u2019 makes pointer from integer without a cast [-Werror]\n     if(strcmp(crypt_r(guess, \"xx\", cdata), hash) == 0)\n     ^\ncracker1.c:119:5: note: expected \u2018const char *\u2019 but argument is of type \u2018int\u2019\ncracker1.c:119:5: error: passing argument 1 of \u2018strlen\u2019 makes pointer from integer without a cast [-Werror]\nIn file included from cracker1.c:7:0:\n/usr/include/string.h:395:15: note: expected \u2018const char *\u2019 but argument is of type \u2018int\u2019\n extern size_t strlen (const char *__s)\n               ^\ncracker1.c:119:5: error: passing argument 1 of \u2018__builtin_strcmp\u2019 makes pointer from integer without a cast [-Werror]\n     if(strcmp(crypt_r(guess, \"xx\", cdata), hash) == 0)\n     ^\ncracker1.c:119:5: note: expected \u2018const char *\u2019 but argument is of type \u2018int\u2019\ncracker1.c:119:5: error: passing argument 1 of \u2018__builtin_strcmp\u2019 makes pointer from integer without a cast [-Werror]\ncracker1.c:119:5: note: expected \u2018const char *\u2019 but argument is of type \u2018int\u2019\ncracker1.c:119:5: error: passing argument 1 of \u2018__builtin_strcmp\u2019 makes pointer from integer without a cast [-Werror]\ncracker1.c:119:5: note: expected \u2018const char *\u2019 but argument is of type \u2018int\u2019\ncracker1.c: At top level:\ncracker1.c:142:27: error: \u2018struct crypt_data\u2019 declared inside parameter list [-Werror]\n int password_guess(struct crypt_data *cdata, char *password, char *hash, int start, int *guesses)\n                           ^\ncracker1.c: In function \u2018password_guess\u2019:\ncracker1.c:155:9: error: passing argument 1 of \u2018try_password\u2019 from incompatible pointer type [-Werror]\n         if(try_password(cdata, password, hash))//base case\n         ^\ncracker1.c:117:5: note: expected \u2018struct crypt_data *\u2019 but argument is of type \u2018struct crypt_data *\u2019\n int try_password(struct crypt_data *cdata, char *guess, char *hash)\n     ^\ncracker1.c: In function \u2018crack_password\u2019:\ncracker1.c:165:5: error: unknown type name \u2018Task\u2019\n     Task *task = (Task *)arg;\n     ^\ncracker1.c:165:19: error: \u2018Task\u2019 undeclared (first use in this function)\n     Task *task = (Task *)arg;\n                   ^\ncracker1.c:165:25: error: expected expression before \u2018)\u2019 token\n     Task *task = (Task *)arg;\n                         ^\ncracker1.c:166:5: error: unknown type name \u2018Queue\u2019\n     Queue *q = task->q;\n     ^\ncracker1.c:166:20: error: request for member \u2018q\u2019 in something not a structure or union\n     Queue *q = task->q;\n                    ^\ncracker1.c:167:5: error: unknown type name \u2018Result\u2019\n     Result *ret = malloc(sizeof(Result));\n     ^\ncracker1.c:167:33: error: \u2018Result\u2019 undeclared (first use in this function)\n     Result *ret = malloc(sizeof(Result));\n                                 ^\ncracker1.c:168:8: error: request for member \u2018success\u2019 in something not a structure or union\n     ret->success = 0;\n        ^\ncracker1.c:169:8: error: request for member \u2018failure\u2019 in something not a structure or union\n     ret->failure = 0;\n        ^\ncracker1.c:171:5: error: unknown type name \u2018Crack\u2019\n     Crack *crack = Queue_pull(q);\n     ^\ncracker1.c:171:5: error: implicit declaration of function \u2018Queue_pull\u2019 [-Werror=implicit-function-declaration]\ncracker1.c:171:20: error: initialization makes pointer from integer without a cast [-Werror]\n     Crack *crack = Queue_pull(q);\n                    ^\ncracker1.c:175:17: error: request for member \u2018username\u2019 in something not a structure or union\n         if(crack->username == NULL)\n                 ^\ncracker1.c:179:27: error: storage size of \u2018cdata\u2019 isn\u2019t known\n         struct crypt_data cdata;\n                           ^\ncracker1.c:185:35: error: request for member \u2018threadId\u2019 in something not a structure or union\n         v1_print_thread_start(task->threadId, crack->username);\n                                   ^\ncracker1.c:185:52: error: request for member \u2018username\u2019 in something not a structure or union\n         v1_print_thread_start(task->threadId, crack->username);\n                                                    ^\ncracker1.c:187:31: error: request for member \u2018partial_password\u2019 in something not a structure or union\n         strcat(password, crack->partial_password);\n                               ^\ncracker1.c:189:50: error: request for member \u2018remaining_length\u2019 in something not a structure or union\n         int start = (int)strlen(password) - crack->remaining_length;\n                                                  ^\ncracker1.c:192:60: error: request for member \u2018hash\u2019 in something not a structure or union\n         int result = password_guess(&cdata, password, crack->hash, start, &guesses);\n                                                            ^\ncracker1.c:201:36: error: request for member \u2018threadId\u2019 in something not a structure or union\n         v1_print_thread_result(task->threadId, crack->username, password, guesses, timeElapsed, result);\n                                    ^\ncracker1.c:201:53: error: request for member \u2018username\u2019 in something not a structure or union\n         v1_print_thread_result(task->threadId, crack->username, password, guesses, timeElapsed, result);\n                                                     ^\ncracker1.c:205:16: error: request for member \u2018success\u2019 in something not a structure or union\n             ret->success++;\n                ^\ncracker1.c:209:16: error: request for member \u2018failure\u2019 in something not a structure or union\n             ret->failure++;\n                ^\ncracker1.c:211:9: error: unknown type name \u2018Crack\u2019\n         Crack *filler = malloc(sizeof(Crack));\n         ^\ncracker1.c:211:39: error: \u2018Crack\u2019 undeclared (first use in this function)\n         Crack *filler = malloc(sizeof(Crack));\n                                       ^\ncracker1.c:212:15: error: request for member \u2018username\u2019 in something not a structure or union\n         filler->username = NULL;\n               ^\ncracker1.c:213:15: error: request for member \u2018hash\u2019 in something not a structure or union\n         filler->hash = NULL;\n               ^\ncracker1.c:214:15: error: request for member \u2018partial_password\u2019 in something not a structure or union\n         filler->partial_password = NULL;\n               ^\ncracker1.c:216:15: error: assignment makes pointer from integer without a cast [-Werror]\n         crack = Queue_pull(q);\n               ^\ncracker1.c:179:27: error: unused variable \u2018cdata\u2019 [-Werror=unused-variable]\n         struct crypt_data cdata;\n                           ^\ncracker1.c:163:28: warning: unused parameter \u2018arg\u2019 [-Wunused-parameter]\n void *crack_password(void *arg)\n                            ^\ncc1: all warnings being treated as errors\nmake: *** [.objs/cracker1-release.o] Error 1\n", 
        "ptsPossible": 1.0, 
        "ptsEarned": 0.0, 
        "name": "test_one_invalid_password", 
        "description": "Test a single invalid password"
      }, 
      {
        "log": "Trying to compile your code...\nFAILED TO COMPILE!\ncracker1.c: In function \u2018start\u2019:\ncracker1.c:44:5: error: unknown type name \u2018Queue\u2019\n     Queue queue;\n     ^\ncracker1.c:45:5: error: implicit declaration of function \u2018Queue_init\u2019 [-Werror=implicit-function-declaration]\n     Queue_init(&queue, 100);\n     ^\ncracker1.c:50:5: error: unknown type name \u2018Crack\u2019\n     Crack *crack;\n     ^\ncracker1.c:54:31: error: \u2018Crack\u2019 undeclared (first use in this function)\n         crack = malloc(sizeof(Crack));\n                               ^\ncracker1.c:54:31: note: each undeclared identifier is reported only once for each function it appears in\ncracker1.c:55:14: error: request for member \u2018username\u2019 in something not a structure or union\n         crack->username = username;\n              ^\ncracker1.c:56:14: error: request for member \u2018hash\u2019 in something not a structure or union\n         crack->hash = hash;\n              ^\ncracker1.c:57:14: error: request for member \u2018partial_password\u2019 in something not a structure or union\n         crack->partial_password = partial_password;\n              ^\ncracker1.c:61:45: error: request for member \u2018partial_password\u2019 in something not a structure or union\n         for(unsigned i = 0; i < strlen(crack->partial_password);i++){\n                                             ^\ncracker1.c:66:14: error: request for member \u2018remaining_length\u2019 in something not a structure or union\n         crack->remaining_length = remaining_length;\n              ^\ncracker1.c:68:9: error: implicit declaration of function \u2018Queue_push\u2019 [-Werror=implicit-function-declaration]\n         Queue_push(&queue, crack);\n         ^\ncracker1.c:82:5: error: unknown type name \u2018Task\u2019\n     Task *tasks = malloc(thread_count * sizeof(Task));\n     ^\ncracker1.c:82:48: error: \u2018Task\u2019 undeclared (first use in this function)\n     Task *tasks = malloc(thread_count * sizeof(Task));\n                                                ^\ncracker1.c:84:17: error: request for member \u2018q\u2019 in something not a structure or union\n         tasks[i].q = &queue;\n                 ^\ncracker1.c:85:17: error: request for member \u2018threadId\u2019 in something not a structure or union\n         tasks[i].threadId = i;\n                 ^\ncracker1.c:86:38: error: \u2018crack_password\u2019 undeclared (first use in this function)\n         pthread_create(&pthr[i],NULL,crack_password,&tasks[i]);//int pthread_create(pthread_t *thread, const pthread_attr_t *attr,\n                                      ^\ncracker1.c:91:5: error: unknown type name \u2018Result\u2019\n     Result *ret;\n     ^\ncracker1.c:96:16: error: \u2018Result\u2019 undeclared (first use in this function)\n         ret = (Result *)r;\n                ^\ncracker1.c:96:24: error: expected expression before \u2018)\u2019 token\n         ret = (Result *)r;\n                        ^\ncracker1.c:97:23: error: request for member \u2018success\u2019 in something not a structure or union\n         success += ret->success;\n                       ^\ncracker1.c:98:23: error: request for member \u2018failure\u2019 in something not a structure or union\n         failure =+ ret->failure;\n                       ^\ncracker1.c: At top level:\ncracker1.c:117:25: error: \u2018struct crypt_data\u2019 declared inside parameter list [-Werror]\n int try_password(struct crypt_data *cdata, char *guess, char *hash)\n                         ^\ncracker1.c:117:25: error: its scope is only this definition or declaration, which is probably not what you want [-Werror]\ncracker1.c: In function \u2018try_password\u2019:\ncracker1.c:119:5: error: implicit declaration of function \u2018crypt_r\u2019 [-Werror=implicit-function-declaration]\n     if(strcmp(crypt_r(guess, \"xx\", cdata), hash) == 0)\n     ^\ncracker1.c:119:5: error: passing argument 1 of \u2018strlen\u2019 makes pointer from integer without a cast [-Werror]\nIn file included from cracker1.c:7:0:\n/usr/include/string.h:395:15: note: expected \u2018const char *\u2019 but argument is of type \u2018int\u2019\n extern size_t strlen (const char *__s)\n               ^\ncracker1.c:119:5: error: passing argument 1 of \u2018__builtin_strcmp\u2019 makes pointer from integer without a cast [-Werror]\n     if(strcmp(crypt_r(guess, \"xx\", cdata), hash) == 0)\n     ^\ncracker1.c:119:5: note: expected \u2018const char *\u2019 but argument is of type \u2018int\u2019\ncracker1.c:119:5: error: passing argument 1 of \u2018strlen\u2019 makes pointer from integer without a cast [-Werror]\nIn file included from cracker1.c:7:0:\n/usr/include/string.h:395:15: note: expected \u2018const char *\u2019 but argument is of type \u2018int\u2019\n extern size_t strlen (const char *__s)\n               ^\ncracker1.c:119:5: error: passing argument 1 of \u2018__builtin_strcmp\u2019 makes pointer from integer without a cast [-Werror]\n     if(strcmp(crypt_r(guess, \"xx\", cdata), hash) == 0)\n     ^\ncracker1.c:119:5: note: expected \u2018const char *\u2019 but argument is of type \u2018int\u2019\ncracker1.c:119:5: error: passing argument 1 of \u2018__builtin_strcmp\u2019 makes pointer from integer without a cast [-Werror]\ncracker1.c:119:5: note: expected \u2018const char *\u2019 but argument is of type \u2018int\u2019\ncracker1.c:119:5: error: passing argument 1 of \u2018__builtin_strcmp\u2019 makes pointer from integer without a cast [-Werror]\ncracker1.c:119:5: note: expected \u2018const char *\u2019 but argument is of type \u2018int\u2019\ncracker1.c: At top level:\ncracker1.c:142:27: error: \u2018struct crypt_data\u2019 declared inside parameter list [-Werror]\n int password_guess(struct crypt_data *cdata, char *password, char *hash, int start, int *guesses)\n                           ^\ncracker1.c: In function \u2018password_guess\u2019:\ncracker1.c:155:9: error: passing argument 1 of \u2018try_password\u2019 from incompatible pointer type [-Werror]\n         if(try_password(cdata, password, hash))//base case\n         ^\ncracker1.c:117:5: note: expected \u2018struct crypt_data *\u2019 but argument is of type \u2018struct crypt_data *\u2019\n int try_password(struct crypt_data *cdata, char *guess, char *hash)\n     ^\ncracker1.c: In function \u2018crack_password\u2019:\ncracker1.c:165:5: error: unknown type name \u2018Task\u2019\n     Task *task = (Task *)arg;\n     ^\ncracker1.c:165:19: error: \u2018Task\u2019 undeclared (first use in this function)\n     Task *task = (Task *)arg;\n                   ^\ncracker1.c:165:25: error: expected expression before \u2018)\u2019 token\n     Task *task = (Task *)arg;\n                         ^\ncracker1.c:166:5: error: unknown type name \u2018Queue\u2019\n     Queue *q = task->q;\n     ^\ncracker1.c:166:20: error: request for member \u2018q\u2019 in something not a structure or union\n     Queue *q = task->q;\n                    ^\ncracker1.c:167:5: error: unknown type name \u2018Result\u2019\n     Result *ret = malloc(sizeof(Result));\n     ^\ncracker1.c:167:33: error: \u2018Result\u2019 undeclared (first use in this function)\n     Result *ret = malloc(sizeof(Result));\n                                 ^\ncracker1.c:168:8: error: request for member \u2018success\u2019 in something not a structure or union\n     ret->success = 0;\n        ^\ncracker1.c:169:8: error: request for member \u2018failure\u2019 in something not a structure or union\n     ret->failure = 0;\n        ^\ncracker1.c:171:5: error: unknown type name \u2018Crack\u2019\n     Crack *crack = Queue_pull(q);\n     ^\ncracker1.c:171:5: error: implicit declaration of function \u2018Queue_pull\u2019 [-Werror=implicit-function-declaration]\ncracker1.c:171:20: error: initialization makes pointer from integer without a cast [-Werror]\n     Crack *crack = Queue_pull(q);\n                    ^\ncracker1.c:175:17: error: request for member \u2018username\u2019 in something not a structure or union\n         if(crack->username == NULL)\n                 ^\ncracker1.c:179:27: error: storage size of \u2018cdata\u2019 isn\u2019t known\n         struct crypt_data cdata;\n                           ^\ncracker1.c:185:35: error: request for member \u2018threadId\u2019 in something not a structure or union\n         v1_print_thread_start(task->threadId, crack->username);\n                                   ^\ncracker1.c:185:52: error: request for member \u2018username\u2019 in something not a structure or union\n         v1_print_thread_start(task->threadId, crack->username);\n                                                    ^\ncracker1.c:187:31: error: request for member \u2018partial_password\u2019 in something not a structure or union\n         strcat(password, crack->partial_password);\n                               ^\ncracker1.c:189:50: error: request for member \u2018remaining_length\u2019 in something not a structure or union\n         int start = (int)strlen(password) - crack->remaining_length;\n                                                  ^\ncracker1.c:192:60: error: request for member \u2018hash\u2019 in something not a structure or union\n         int result = password_guess(&cdata, password, crack->hash, start, &guesses);\n                                                            ^\ncracker1.c:201:36: error: request for member \u2018threadId\u2019 in something not a structure or union\n         v1_print_thread_result(task->threadId, crack->username, password, guesses, timeElapsed, result);\n                                    ^\ncracker1.c:201:53: error: request for member \u2018username\u2019 in something not a structure or union\n         v1_print_thread_result(task->threadId, crack->username, password, guesses, timeElapsed, result);\n                                                     ^\ncracker1.c:205:16: error: request for member \u2018success\u2019 in something not a structure or union\n             ret->success++;\n                ^\ncracker1.c:209:16: error: request for member \u2018failure\u2019 in something not a structure or union\n             ret->failure++;\n                ^\ncracker1.c:211:9: error: unknown type name \u2018Crack\u2019\n         Crack *filler = malloc(sizeof(Crack));\n         ^\ncracker1.c:211:39: error: \u2018Crack\u2019 undeclared (first use in this function)\n         Crack *filler = malloc(sizeof(Crack));\n                                       ^\ncracker1.c:212:15: error: request for member \u2018username\u2019 in something not a structure or union\n         filler->username = NULL;\n               ^\ncracker1.c:213:15: error: request for member \u2018hash\u2019 in something not a structure or union\n         filler->hash = NULL;\n               ^\ncracker1.c:214:15: error: request for member \u2018partial_password\u2019 in something not a structure or union\n         filler->partial_password = NULL;\n               ^\ncracker1.c:216:15: error: assignment makes pointer from integer without a cast [-Werror]\n         crack = Queue_pull(q);\n               ^\ncracker1.c:179:27: error: unused variable \u2018cdata\u2019 [-Werror=unused-variable]\n         struct crypt_data cdata;\n                           ^\ncracker1.c:163:28: warning: unused parameter \u2018arg\u2019 [-Wunused-parameter]\n void *crack_password(void *arg)\n                            ^\ncc1: all warnings being treated as errors\nmake: *** [.objs/cracker1-release.o] Error 1\n", 
        "ptsPossible": 1.0, 
        "ptsEarned": 0.0, 
        "name": "test_two_threads", 
        "description": "Test that two threads run at same time"
      }, 
      {
        "log": "Trying to compile your code...\nFAILED TO COMPILE!\ncracker1.c: In function \u2018start\u2019:\ncracker1.c:44:5: error: unknown type name \u2018Queue\u2019\n     Queue queue;\n     ^\ncracker1.c:45:5: error: implicit declaration of function \u2018Queue_init\u2019 [-Werror=implicit-function-declaration]\n     Queue_init(&queue, 100);\n     ^\ncracker1.c:50:5: error: unknown type name \u2018Crack\u2019\n     Crack *crack;\n     ^\ncracker1.c:54:31: error: \u2018Crack\u2019 undeclared (first use in this function)\n         crack = malloc(sizeof(Crack));\n                               ^\ncracker1.c:54:31: note: each undeclared identifier is reported only once for each function it appears in\ncracker1.c:55:14: error: request for member \u2018username\u2019 in something not a structure or union\n         crack->username = username;\n              ^\ncracker1.c:56:14: error: request for member \u2018hash\u2019 in something not a structure or union\n         crack->hash = hash;\n              ^\ncracker1.c:57:14: error: request for member \u2018partial_password\u2019 in something not a structure or union\n         crack->partial_password = partial_password;\n              ^\ncracker1.c:61:45: error: request for member \u2018partial_password\u2019 in something not a structure or union\n         for(unsigned i = 0; i < strlen(crack->partial_password);i++){\n                                             ^\ncracker1.c:66:14: error: request for member \u2018remaining_length\u2019 in something not a structure or union\n         crack->remaining_length = remaining_length;\n              ^\ncracker1.c:68:9: error: implicit declaration of function \u2018Queue_push\u2019 [-Werror=implicit-function-declaration]\n         Queue_push(&queue, crack);\n         ^\ncracker1.c:82:5: error: unknown type name \u2018Task\u2019\n     Task *tasks = malloc(thread_count * sizeof(Task));\n     ^\ncracker1.c:82:48: error: \u2018Task\u2019 undeclared (first use in this function)\n     Task *tasks = malloc(thread_count * sizeof(Task));\n                                                ^\ncracker1.c:84:17: error: request for member \u2018q\u2019 in something not a structure or union\n         tasks[i].q = &queue;\n                 ^\ncracker1.c:85:17: error: request for member \u2018threadId\u2019 in something not a structure or union\n         tasks[i].threadId = i;\n                 ^\ncracker1.c:86:38: error: \u2018crack_password\u2019 undeclared (first use in this function)\n         pthread_create(&pthr[i],NULL,crack_password,&tasks[i]);//int pthread_create(pthread_t *thread, const pthread_attr_t *attr,\n                                      ^\ncracker1.c:91:5: error: unknown type name \u2018Result\u2019\n     Result *ret;\n     ^\ncracker1.c:96:16: error: \u2018Result\u2019 undeclared (first use in this function)\n         ret = (Result *)r;\n                ^\ncracker1.c:96:24: error: expected expression before \u2018)\u2019 token\n         ret = (Result *)r;\n                        ^\ncracker1.c:97:23: error: request for member \u2018success\u2019 in something not a structure or union\n         success += ret->success;\n                       ^\ncracker1.c:98:23: error: request for member \u2018failure\u2019 in something not a structure or union\n         failure =+ ret->failure;\n                       ^\ncracker1.c: At top level:\ncracker1.c:117:25: error: \u2018struct crypt_data\u2019 declared inside parameter list [-Werror]\n int try_password(struct crypt_data *cdata, char *guess, char *hash)\n                         ^\ncracker1.c:117:25: error: its scope is only this definition or declaration, which is probably not what you want [-Werror]\ncracker1.c: In function \u2018try_password\u2019:\ncracker1.c:119:5: error: implicit declaration of function \u2018crypt_r\u2019 [-Werror=implicit-function-declaration]\n     if(strcmp(crypt_r(guess, \"xx\", cdata), hash) == 0)\n     ^\ncracker1.c:119:5: error: passing argument 1 of \u2018strlen\u2019 makes pointer from integer without a cast [-Werror]\nIn file included from cracker1.c:7:0:\n/usr/include/string.h:395:15: note: expected \u2018const char *\u2019 but argument is of type \u2018int\u2019\n extern size_t strlen (const char *__s)\n               ^\ncracker1.c:119:5: error: passing argument 1 of \u2018__builtin_strcmp\u2019 makes pointer from integer without a cast [-Werror]\n     if(strcmp(crypt_r(guess, \"xx\", cdata), hash) == 0)\n     ^\ncracker1.c:119:5: note: expected \u2018const char *\u2019 but argument is of type \u2018int\u2019\ncracker1.c:119:5: error: passing argument 1 of \u2018strlen\u2019 makes pointer from integer without a cast [-Werror]\nIn file included from cracker1.c:7:0:\n/usr/include/string.h:395:15: note: expected \u2018const char *\u2019 but argument is of type \u2018int\u2019\n extern size_t strlen (const char *__s)\n               ^\ncracker1.c:119:5: error: passing argument 1 of \u2018__builtin_strcmp\u2019 makes pointer from integer without a cast [-Werror]\n     if(strcmp(crypt_r(guess, \"xx\", cdata), hash) == 0)\n     ^\ncracker1.c:119:5: note: expected \u2018const char *\u2019 but argument is of type \u2018int\u2019\ncracker1.c:119:5: error: passing argument 1 of \u2018__builtin_strcmp\u2019 makes pointer from integer without a cast [-Werror]\ncracker1.c:119:5: note: expected \u2018const char *\u2019 but argument is of type \u2018int\u2019\ncracker1.c:119:5: error: passing argument 1 of \u2018__builtin_strcmp\u2019 makes pointer from integer without a cast [-Werror]\ncracker1.c:119:5: note: expected \u2018const char *\u2019 but argument is of type \u2018int\u2019\ncracker1.c: At top level:\ncracker1.c:142:27: error: \u2018struct crypt_data\u2019 declared inside parameter list [-Werror]\n int password_guess(struct crypt_data *cdata, char *password, char *hash, int start, int *guesses)\n                           ^\ncracker1.c: In function \u2018password_guess\u2019:\ncracker1.c:155:9: error: passing argument 1 of \u2018try_password\u2019 from incompatible pointer type [-Werror]\n         if(try_password(cdata, password, hash))//base case\n         ^\ncracker1.c:117:5: note: expected \u2018struct crypt_data *\u2019 but argument is of type \u2018struct crypt_data *\u2019\n int try_password(struct crypt_data *cdata, char *guess, char *hash)\n     ^\ncracker1.c: In function \u2018crack_password\u2019:\ncracker1.c:165:5: error: unknown type name \u2018Task\u2019\n     Task *task = (Task *)arg;\n     ^\ncracker1.c:165:19: error: \u2018Task\u2019 undeclared (first use in this function)\n     Task *task = (Task *)arg;\n                   ^\ncracker1.c:165:25: error: expected expression before \u2018)\u2019 token\n     Task *task = (Task *)arg;\n                         ^\ncracker1.c:166:5: error: unknown type name \u2018Queue\u2019\n     Queue *q = task->q;\n     ^\ncracker1.c:166:20: error: request for member \u2018q\u2019 in something not a structure or union\n     Queue *q = task->q;\n                    ^\ncracker1.c:167:5: error: unknown type name \u2018Result\u2019\n     Result *ret = malloc(sizeof(Result));\n     ^\ncracker1.c:167:33: error: \u2018Result\u2019 undeclared (first use in this function)\n     Result *ret = malloc(sizeof(Result));\n                                 ^\ncracker1.c:168:8: error: request for member \u2018success\u2019 in something not a structure or union\n     ret->success = 0;\n        ^\ncracker1.c:169:8: error: request for member \u2018failure\u2019 in something not a structure or union\n     ret->failure = 0;\n        ^\ncracker1.c:171:5: error: unknown type name \u2018Crack\u2019\n     Crack *crack = Queue_pull(q);\n     ^\ncracker1.c:171:5: error: implicit declaration of function \u2018Queue_pull\u2019 [-Werror=implicit-function-declaration]\ncracker1.c:171:20: error: initialization makes pointer from integer without a cast [-Werror]\n     Crack *crack = Queue_pull(q);\n                    ^\ncracker1.c:175:17: error: request for member \u2018username\u2019 in something not a structure or union\n         if(crack->username == NULL)\n                 ^\ncracker1.c:179:27: error: storage size of \u2018cdata\u2019 isn\u2019t known\n         struct crypt_data cdata;\n                           ^\ncracker1.c:185:35: error: request for member \u2018threadId\u2019 in something not a structure or union\n         v1_print_thread_start(task->threadId, crack->username);\n                                   ^\ncracker1.c:185:52: error: request for member \u2018username\u2019 in something not a structure or union\n         v1_print_thread_start(task->threadId, crack->username);\n                                                    ^\ncracker1.c:187:31: error: request for member \u2018partial_password\u2019 in something not a structure or union\n         strcat(password, crack->partial_password);\n                               ^\ncracker1.c:189:50: error: request for member \u2018remaining_length\u2019 in something not a structure or union\n         int start = (int)strlen(password) - crack->remaining_length;\n                                                  ^\ncracker1.c:192:60: error: request for member \u2018hash\u2019 in something not a structure or union\n         int result = password_guess(&cdata, password, crack->hash, start, &guesses);\n                                                            ^\ncracker1.c:201:36: error: request for member \u2018threadId\u2019 in something not a structure or union\n         v1_print_thread_result(task->threadId, crack->username, password, guesses, timeElapsed, result);\n                                    ^\ncracker1.c:201:53: error: request for member \u2018username\u2019 in something not a structure or union\n         v1_print_thread_result(task->threadId, crack->username, password, guesses, timeElapsed, result);\n                                                     ^\ncracker1.c:205:16: error: request for member \u2018success\u2019 in something not a structure or union\n             ret->success++;\n                ^\ncracker1.c:209:16: error: request for member \u2018failure\u2019 in something not a structure or union\n             ret->failure++;\n                ^\ncracker1.c:211:9: error: unknown type name \u2018Crack\u2019\n         Crack *filler = malloc(sizeof(Crack));\n         ^\ncracker1.c:211:39: error: \u2018Crack\u2019 undeclared (first use in this function)\n         Crack *filler = malloc(sizeof(Crack));\n                                       ^\ncracker1.c:212:15: error: request for member \u2018username\u2019 in something not a structure or union\n         filler->username = NULL;\n               ^\ncracker1.c:213:15: error: request for member \u2018hash\u2019 in something not a structure or union\n         filler->hash = NULL;\n               ^\ncracker1.c:214:15: error: request for member \u2018partial_password\u2019 in something not a structure or union\n         filler->partial_password = NULL;\n               ^\ncracker1.c:216:15: error: assignment makes pointer from integer without a cast [-Werror]\n         crack = Queue_pull(q);\n               ^\ncracker1.c:179:27: error: unused variable \u2018cdata\u2019 [-Werror=unused-variable]\n         struct crypt_data cdata;\n                           ^\ncracker1.c:163:28: warning: unused parameter \u2018arg\u2019 [-Wunused-parameter]\n void *crack_password(void *arg)\n                            ^\ncc1: all warnings being treated as errors\nmake: *** [.objs/cracker1-release.o] Error 1\n", 
        "ptsPossible": 1.0, 
        "ptsEarned": 0.0, 
        "name": "test_four_threads", 
        "description": "Test that four threads run at same time, cracking 4 passwords"
      }, 
      {
        "log": "Trying to compile your code...\nFAILED TO COMPILE!\ncracker1.c: In function \u2018start\u2019:\ncracker1.c:44:5: error: unknown type name \u2018Queue\u2019\n     Queue queue;\n     ^\ncracker1.c:45:5: error: implicit declaration of function \u2018Queue_init\u2019 [-Werror=implicit-function-declaration]\n     Queue_init(&queue, 100);\n     ^\ncracker1.c:50:5: error: unknown type name \u2018Crack\u2019\n     Crack *crack;\n     ^\ncracker1.c:54:31: error: \u2018Crack\u2019 undeclared (first use in this function)\n         crack = malloc(sizeof(Crack));\n                               ^\ncracker1.c:54:31: note: each undeclared identifier is reported only once for each function it appears in\ncracker1.c:55:14: error: request for member \u2018username\u2019 in something not a structure or union\n         crack->username = username;\n              ^\ncracker1.c:56:14: error: request for member \u2018hash\u2019 in something not a structure or union\n         crack->hash = hash;\n              ^\ncracker1.c:57:14: error: request for member \u2018partial_password\u2019 in something not a structure or union\n         crack->partial_password = partial_password;\n              ^\ncracker1.c:61:45: error: request for member \u2018partial_password\u2019 in something not a structure or union\n         for(unsigned i = 0; i < strlen(crack->partial_password);i++){\n                                             ^\ncracker1.c:66:14: error: request for member \u2018remaining_length\u2019 in something not a structure or union\n         crack->remaining_length = remaining_length;\n              ^\ncracker1.c:68:9: error: implicit declaration of function \u2018Queue_push\u2019 [-Werror=implicit-function-declaration]\n         Queue_push(&queue, crack);\n         ^\ncracker1.c:82:5: error: unknown type name \u2018Task\u2019\n     Task *tasks = malloc(thread_count * sizeof(Task));\n     ^\ncracker1.c:82:48: error: \u2018Task\u2019 undeclared (first use in this function)\n     Task *tasks = malloc(thread_count * sizeof(Task));\n                                                ^\ncracker1.c:84:17: error: request for member \u2018q\u2019 in something not a structure or union\n         tasks[i].q = &queue;\n                 ^\ncracker1.c:85:17: error: request for member \u2018threadId\u2019 in something not a structure or union\n         tasks[i].threadId = i;\n                 ^\ncracker1.c:86:38: error: \u2018crack_password\u2019 undeclared (first use in this function)\n         pthread_create(&pthr[i],NULL,crack_password,&tasks[i]);//int pthread_create(pthread_t *thread, const pthread_attr_t *attr,\n                                      ^\ncracker1.c:91:5: error: unknown type name \u2018Result\u2019\n     Result *ret;\n     ^\ncracker1.c:96:16: error: \u2018Result\u2019 undeclared (first use in this function)\n         ret = (Result *)r;\n                ^\ncracker1.c:96:24: error: expected expression before \u2018)\u2019 token\n         ret = (Result *)r;\n                        ^\ncracker1.c:97:23: error: request for member \u2018success\u2019 in something not a structure or union\n         success += ret->success;\n                       ^\ncracker1.c:98:23: error: request for member \u2018failure\u2019 in something not a structure or union\n         failure =+ ret->failure;\n                       ^\ncracker1.c: At top level:\ncracker1.c:117:25: error: \u2018struct crypt_data\u2019 declared inside parameter list [-Werror]\n int try_password(struct crypt_data *cdata, char *guess, char *hash)\n                         ^\ncracker1.c:117:25: error: its scope is only this definition or declaration, which is probably not what you want [-Werror]\ncracker1.c: In function \u2018try_password\u2019:\ncracker1.c:119:5: error: implicit declaration of function \u2018crypt_r\u2019 [-Werror=implicit-function-declaration]\n     if(strcmp(crypt_r(guess, \"xx\", cdata), hash) == 0)\n     ^\ncracker1.c:119:5: error: passing argument 1 of \u2018strlen\u2019 makes pointer from integer without a cast [-Werror]\nIn file included from cracker1.c:7:0:\n/usr/include/string.h:395:15: note: expected \u2018const char *\u2019 but argument is of type \u2018int\u2019\n extern size_t strlen (const char *__s)\n               ^\ncracker1.c:119:5: error: passing argument 1 of \u2018__builtin_strcmp\u2019 makes pointer from integer without a cast [-Werror]\n     if(strcmp(crypt_r(guess, \"xx\", cdata), hash) == 0)\n     ^\ncracker1.c:119:5: note: expected \u2018const char *\u2019 but argument is of type \u2018int\u2019\ncracker1.c:119:5: error: passing argument 1 of \u2018strlen\u2019 makes pointer from integer without a cast [-Werror]\nIn file included from cracker1.c:7:0:\n/usr/include/string.h:395:15: note: expected \u2018const char *\u2019 but argument is of type \u2018int\u2019\n extern size_t strlen (const char *__s)\n               ^\ncracker1.c:119:5: error: passing argument 1 of \u2018__builtin_strcmp\u2019 makes pointer from integer without a cast [-Werror]\n     if(strcmp(crypt_r(guess, \"xx\", cdata), hash) == 0)\n     ^\ncracker1.c:119:5: note: expected \u2018const char *\u2019 but argument is of type \u2018int\u2019\ncracker1.c:119:5: error: passing argument 1 of \u2018__builtin_strcmp\u2019 makes pointer from integer without a cast [-Werror]\ncracker1.c:119:5: note: expected \u2018const char *\u2019 but argument is of type \u2018int\u2019\ncracker1.c:119:5: error: passing argument 1 of \u2018__builtin_strcmp\u2019 makes pointer from integer without a cast [-Werror]\ncracker1.c:119:5: note: expected \u2018const char *\u2019 but argument is of type \u2018int\u2019\ncracker1.c: At top level:\ncracker1.c:142:27: error: \u2018struct crypt_data\u2019 declared inside parameter list [-Werror]\n int password_guess(struct crypt_data *cdata, char *password, char *hash, int start, int *guesses)\n                           ^\ncracker1.c: In function \u2018password_guess\u2019:\ncracker1.c:155:9: error: passing argument 1 of \u2018try_password\u2019 from incompatible pointer type [-Werror]\n         if(try_password(cdata, password, hash))//base case\n         ^\ncracker1.c:117:5: note: expected \u2018struct crypt_data *\u2019 but argument is of type \u2018struct crypt_data *\u2019\n int try_password(struct crypt_data *cdata, char *guess, char *hash)\n     ^\ncracker1.c: In function \u2018crack_password\u2019:\ncracker1.c:165:5: error: unknown type name \u2018Task\u2019\n     Task *task = (Task *)arg;\n     ^\ncracker1.c:165:19: error: \u2018Task\u2019 undeclared (first use in this function)\n     Task *task = (Task *)arg;\n                   ^\ncracker1.c:165:25: error: expected expression before \u2018)\u2019 token\n     Task *task = (Task *)arg;\n                         ^\ncracker1.c:166:5: error: unknown type name \u2018Queue\u2019\n     Queue *q = task->q;\n     ^\ncracker1.c:166:20: error: request for member \u2018q\u2019 in something not a structure or union\n     Queue *q = task->q;\n                    ^\ncracker1.c:167:5: error: unknown type name \u2018Result\u2019\n     Result *ret = malloc(sizeof(Result));\n     ^\ncracker1.c:167:33: error: \u2018Result\u2019 undeclared (first use in this function)\n     Result *ret = malloc(sizeof(Result));\n                                 ^\ncracker1.c:168:8: error: request for member \u2018success\u2019 in something not a structure or union\n     ret->success = 0;\n        ^\ncracker1.c:169:8: error: request for member \u2018failure\u2019 in something not a structure or union\n     ret->failure = 0;\n        ^\ncracker1.c:171:5: error: unknown type name \u2018Crack\u2019\n     Crack *crack = Queue_pull(q);\n     ^\ncracker1.c:171:5: error: implicit declaration of function \u2018Queue_pull\u2019 [-Werror=implicit-function-declaration]\ncracker1.c:171:20: error: initialization makes pointer from integer without a cast [-Werror]\n     Crack *crack = Queue_pull(q);\n                    ^\ncracker1.c:175:17: error: request for member \u2018username\u2019 in something not a structure or union\n         if(crack->username == NULL)\n                 ^\ncracker1.c:179:27: error: storage size of \u2018cdata\u2019 isn\u2019t known\n         struct crypt_data cdata;\n                           ^\ncracker1.c:185:35: error: request for member \u2018threadId\u2019 in something not a structure or union\n         v1_print_thread_start(task->threadId, crack->username);\n                                   ^\ncracker1.c:185:52: error: request for member \u2018username\u2019 in something not a structure or union\n         v1_print_thread_start(task->threadId, crack->username);\n                                                    ^\ncracker1.c:187:31: error: request for member \u2018partial_password\u2019 in something not a structure or union\n         strcat(password, crack->partial_password);\n                               ^\ncracker1.c:189:50: error: request for member \u2018remaining_length\u2019 in something not a structure or union\n         int start = (int)strlen(password) - crack->remaining_length;\n                                                  ^\ncracker1.c:192:60: error: request for member \u2018hash\u2019 in something not a structure or union\n         int result = password_guess(&cdata, password, crack->hash, start, &guesses);\n                                                            ^\ncracker1.c:201:36: error: request for member \u2018threadId\u2019 in something not a structure or union\n         v1_print_thread_result(task->threadId, crack->username, password, guesses, timeElapsed, result);\n                                    ^\ncracker1.c:201:53: error: request for member \u2018username\u2019 in something not a structure or union\n         v1_print_thread_result(task->threadId, crack->username, password, guesses, timeElapsed, result);\n                                                     ^\ncracker1.c:205:16: error: request for member \u2018success\u2019 in something not a structure or union\n             ret->success++;\n                ^\ncracker1.c:209:16: error: request for member \u2018failure\u2019 in something not a structure or union\n             ret->failure++;\n                ^\ncracker1.c:211:9: error: unknown type name \u2018Crack\u2019\n         Crack *filler = malloc(sizeof(Crack));\n         ^\ncracker1.c:211:39: error: \u2018Crack\u2019 undeclared (first use in this function)\n         Crack *filler = malloc(sizeof(Crack));\n                                       ^\ncracker1.c:212:15: error: request for member \u2018username\u2019 in something not a structure or union\n         filler->username = NULL;\n               ^\ncracker1.c:213:15: error: request for member \u2018hash\u2019 in something not a structure or union\n         filler->hash = NULL;\n               ^\ncracker1.c:214:15: error: request for member \u2018partial_password\u2019 in something not a structure or union\n         filler->partial_password = NULL;\n               ^\ncracker1.c:216:15: error: assignment makes pointer from integer without a cast [-Werror]\n         crack = Queue_pull(q);\n               ^\ncracker1.c:179:27: error: unused variable \u2018cdata\u2019 [-Werror=unused-variable]\n         struct crypt_data cdata;\n                           ^\ncracker1.c:163:28: warning: unused parameter \u2018arg\u2019 [-Wunused-parameter]\n void *crack_password(void *arg)\n                            ^\ncc1: all warnings being treated as errors\nmake: *** [.objs/cracker1-release.o] Error 1\n", 
        "ptsPossible": 1.0, 
        "ptsEarned": 0.0, 
        "name": "test_12_threads", 
        "description": "Test that 4 threads run at same time cracking 12 passwords"
      }, 
      {
        "log": "Trying to compile your code...\nFAILED TO COMPILE!\ncracker1.c: In function \u2018start\u2019:\ncracker1.c:44:5: error: unknown type name \u2018Queue\u2019\n     Queue queue;\n     ^\ncracker1.c:45:5: error: implicit declaration of function \u2018Queue_init\u2019 [-Werror=implicit-function-declaration]\n     Queue_init(&queue, 100);\n     ^\ncracker1.c:50:5: error: unknown type name \u2018Crack\u2019\n     Crack *crack;\n     ^\ncracker1.c:54:31: error: \u2018Crack\u2019 undeclared (first use in this function)\n         crack = malloc(sizeof(Crack));\n                               ^\ncracker1.c:54:31: note: each undeclared identifier is reported only once for each function it appears in\ncracker1.c:55:14: error: request for member \u2018username\u2019 in something not a structure or union\n         crack->username = username;\n              ^\ncracker1.c:56:14: error: request for member \u2018hash\u2019 in something not a structure or union\n         crack->hash = hash;\n              ^\ncracker1.c:57:14: error: request for member \u2018partial_password\u2019 in something not a structure or union\n         crack->partial_password = partial_password;\n              ^\ncracker1.c:61:45: error: request for member \u2018partial_password\u2019 in something not a structure or union\n         for(unsigned i = 0; i < strlen(crack->partial_password);i++){\n                                             ^\ncracker1.c:66:14: error: request for member \u2018remaining_length\u2019 in something not a structure or union\n         crack->remaining_length = remaining_length;\n              ^\ncracker1.c:68:9: error: implicit declaration of function \u2018Queue_push\u2019 [-Werror=implicit-function-declaration]\n         Queue_push(&queue, crack);\n         ^\ncracker1.c:82:5: error: unknown type name \u2018Task\u2019\n     Task *tasks = malloc(thread_count * sizeof(Task));\n     ^\ncracker1.c:82:48: error: \u2018Task\u2019 undeclared (first use in this function)\n     Task *tasks = malloc(thread_count * sizeof(Task));\n                                                ^\ncracker1.c:84:17: error: request for member \u2018q\u2019 in something not a structure or union\n         tasks[i].q = &queue;\n                 ^\ncracker1.c:85:17: error: request for member \u2018threadId\u2019 in something not a structure or union\n         tasks[i].threadId = i;\n                 ^\ncracker1.c:86:38: error: \u2018crack_password\u2019 undeclared (first use in this function)\n         pthread_create(&pthr[i],NULL,crack_password,&tasks[i]);//int pthread_create(pthread_t *thread, const pthread_attr_t *attr,\n                                      ^\ncracker1.c:91:5: error: unknown type name \u2018Result\u2019\n     Result *ret;\n     ^\ncracker1.c:96:16: error: \u2018Result\u2019 undeclared (first use in this function)\n         ret = (Result *)r;\n                ^\ncracker1.c:96:24: error: expected expression before \u2018)\u2019 token\n         ret = (Result *)r;\n                        ^\ncracker1.c:97:23: error: request for member \u2018success\u2019 in something not a structure or union\n         success += ret->success;\n                       ^\ncracker1.c:98:23: error: request for member \u2018failure\u2019 in something not a structure or union\n         failure =+ ret->failure;\n                       ^\ncracker1.c: At top level:\ncracker1.c:117:25: error: \u2018struct crypt_data\u2019 declared inside parameter list [-Werror]\n int try_password(struct crypt_data *cdata, char *guess, char *hash)\n                         ^\ncracker1.c:117:25: error: its scope is only this definition or declaration, which is probably not what you want [-Werror]\ncracker1.c: In function \u2018try_password\u2019:\ncracker1.c:119:5: error: implicit declaration of function \u2018crypt_r\u2019 [-Werror=implicit-function-declaration]\n     if(strcmp(crypt_r(guess, \"xx\", cdata), hash) == 0)\n     ^\ncracker1.c:119:5: error: passing argument 1 of \u2018strlen\u2019 makes pointer from integer without a cast [-Werror]\nIn file included from cracker1.c:7:0:\n/usr/include/string.h:395:15: note: expected \u2018const char *\u2019 but argument is of type \u2018int\u2019\n extern size_t strlen (const char *__s)\n               ^\ncracker1.c:119:5: error: passing argument 1 of \u2018__builtin_strcmp\u2019 makes pointer from integer without a cast [-Werror]\n     if(strcmp(crypt_r(guess, \"xx\", cdata), hash) == 0)\n     ^\ncracker1.c:119:5: note: expected \u2018const char *\u2019 but argument is of type \u2018int\u2019\ncracker1.c:119:5: error: passing argument 1 of \u2018strlen\u2019 makes pointer from integer without a cast [-Werror]\nIn file included from cracker1.c:7:0:\n/usr/include/string.h:395:15: note: expected \u2018const char *\u2019 but argument is of type \u2018int\u2019\n extern size_t strlen (const char *__s)\n               ^\ncracker1.c:119:5: error: passing argument 1 of \u2018__builtin_strcmp\u2019 makes pointer from integer without a cast [-Werror]\n     if(strcmp(crypt_r(guess, \"xx\", cdata), hash) == 0)\n     ^\ncracker1.c:119:5: note: expected \u2018const char *\u2019 but argument is of type \u2018int\u2019\ncracker1.c:119:5: error: passing argument 1 of \u2018__builtin_strcmp\u2019 makes pointer from integer without a cast [-Werror]\ncracker1.c:119:5: note: expected \u2018const char *\u2019 but argument is of type \u2018int\u2019\ncracker1.c:119:5: error: passing argument 1 of \u2018__builtin_strcmp\u2019 makes pointer from integer without a cast [-Werror]\ncracker1.c:119:5: note: expected \u2018const char *\u2019 but argument is of type \u2018int\u2019\ncracker1.c: At top level:\ncracker1.c:142:27: error: \u2018struct crypt_data\u2019 declared inside parameter list [-Werror]\n int password_guess(struct crypt_data *cdata, char *password, char *hash, int start, int *guesses)\n                           ^\ncracker1.c: In function \u2018password_guess\u2019:\ncracker1.c:155:9: error: passing argument 1 of \u2018try_password\u2019 from incompatible pointer type [-Werror]\n         if(try_password(cdata, password, hash))//base case\n         ^\ncracker1.c:117:5: note: expected \u2018struct crypt_data *\u2019 but argument is of type \u2018struct crypt_data *\u2019\n int try_password(struct crypt_data *cdata, char *guess, char *hash)\n     ^\ncracker1.c: In function \u2018crack_password\u2019:\ncracker1.c:165:5: error: unknown type name \u2018Task\u2019\n     Task *task = (Task *)arg;\n     ^\ncracker1.c:165:19: error: \u2018Task\u2019 undeclared (first use in this function)\n     Task *task = (Task *)arg;\n                   ^\ncracker1.c:165:25: error: expected expression before \u2018)\u2019 token\n     Task *task = (Task *)arg;\n                         ^\ncracker1.c:166:5: error: unknown type name \u2018Queue\u2019\n     Queue *q = task->q;\n     ^\ncracker1.c:166:20: error: request for member \u2018q\u2019 in something not a structure or union\n     Queue *q = task->q;\n                    ^\ncracker1.c:167:5: error: unknown type name \u2018Result\u2019\n     Result *ret = malloc(sizeof(Result));\n     ^\ncracker1.c:167:33: error: \u2018Result\u2019 undeclared (first use in this function)\n     Result *ret = malloc(sizeof(Result));\n                                 ^\ncracker1.c:168:8: error: request for member \u2018success\u2019 in something not a structure or union\n     ret->success = 0;\n        ^\ncracker1.c:169:8: error: request for member \u2018failure\u2019 in something not a structure or union\n     ret->failure = 0;\n        ^\ncracker1.c:171:5: error: unknown type name \u2018Crack\u2019\n     Crack *crack = Queue_pull(q);\n     ^\ncracker1.c:171:5: error: implicit declaration of function \u2018Queue_pull\u2019 [-Werror=implicit-function-declaration]\ncracker1.c:171:20: error: initialization makes pointer from integer without a cast [-Werror]\n     Crack *crack = Queue_pull(q);\n                    ^\ncracker1.c:175:17: error: request for member \u2018username\u2019 in something not a structure or union\n         if(crack->username == NULL)\n                 ^\ncracker1.c:179:27: error: storage size of \u2018cdata\u2019 isn\u2019t known\n         struct crypt_data cdata;\n                           ^\ncracker1.c:185:35: error: request for member \u2018threadId\u2019 in something not a structure or union\n         v1_print_thread_start(task->threadId, crack->username);\n                                   ^\ncracker1.c:185:52: error: request for member \u2018username\u2019 in something not a structure or union\n         v1_print_thread_start(task->threadId, crack->username);\n                                                    ^\ncracker1.c:187:31: error: request for member \u2018partial_password\u2019 in something not a structure or union\n         strcat(password, crack->partial_password);\n                               ^\ncracker1.c:189:50: error: request for member \u2018remaining_length\u2019 in something not a structure or union\n         int start = (int)strlen(password) - crack->remaining_length;\n                                                  ^\ncracker1.c:192:60: error: request for member \u2018hash\u2019 in something not a structure or union\n         int result = password_guess(&cdata, password, crack->hash, start, &guesses);\n                                                            ^\ncracker1.c:201:36: error: request for member \u2018threadId\u2019 in something not a structure or union\n         v1_print_thread_result(task->threadId, crack->username, password, guesses, timeElapsed, result);\n                                    ^\ncracker1.c:201:53: error: request for member \u2018username\u2019 in something not a structure or union\n         v1_print_thread_result(task->threadId, crack->username, password, guesses, timeElapsed, result);\n                                                     ^\ncracker1.c:205:16: error: request for member \u2018success\u2019 in something not a structure or union\n             ret->success++;\n                ^\ncracker1.c:209:16: error: request for member \u2018failure\u2019 in something not a structure or union\n             ret->failure++;\n                ^\ncracker1.c:211:9: error: unknown type name \u2018Crack\u2019\n         Crack *filler = malloc(sizeof(Crack));\n         ^\ncracker1.c:211:39: error: \u2018Crack\u2019 undeclared (first use in this function)\n         Crack *filler = malloc(sizeof(Crack));\n                                       ^\ncracker1.c:212:15: error: request for member \u2018username\u2019 in something not a structure or union\n         filler->username = NULL;\n               ^\ncracker1.c:213:15: error: request for member \u2018hash\u2019 in something not a structure or union\n         filler->hash = NULL;\n               ^\ncracker1.c:214:15: error: request for member \u2018partial_password\u2019 in something not a structure or union\n         filler->partial_password = NULL;\n               ^\ncracker1.c:216:15: error: assignment makes pointer from integer without a cast [-Werror]\n         crack = Queue_pull(q);\n               ^\ncracker1.c:179:27: error: unused variable \u2018cdata\u2019 [-Werror=unused-variable]\n         struct crypt_data cdata;\n                           ^\ncracker1.c:163:28: warning: unused parameter \u2018arg\u2019 [-Wunused-parameter]\n void *crack_password(void *arg)\n                            ^\ncc1: all warnings being treated as errors\nmake: *** [.objs/cracker1-release.o] Error 1\n", 
        "ptsPossible": 1.0, 
        "ptsEarned": 0.0, 
        "name": "test_no_busy_wait_threads", 
        "description": "Test that the program doesn't busy wait"
      }, 
      {
        "log": "Trying to compile your code...\nFAILED TO COMPILE!\ncracker1.c: In function \u2018start\u2019:\ncracker1.c:44:5: error: unknown type name \u2018Queue\u2019\n     Queue queue;\n     ^\ncracker1.c:45:5: error: implicit declaration of function \u2018Queue_init\u2019 [-Werror=implicit-function-declaration]\n     Queue_init(&queue, 100);\n     ^\ncracker1.c:50:5: error: unknown type name \u2018Crack\u2019\n     Crack *crack;\n     ^\ncracker1.c:54:31: error: \u2018Crack\u2019 undeclared (first use in this function)\n         crack = malloc(sizeof(Crack));\n                               ^\ncracker1.c:54:31: note: each undeclared identifier is reported only once for each function it appears in\ncracker1.c:55:14: error: request for member \u2018username\u2019 in something not a structure or union\n         crack->username = username;\n              ^\ncracker1.c:56:14: error: request for member \u2018hash\u2019 in something not a structure or union\n         crack->hash = hash;\n              ^\ncracker1.c:57:14: error: request for member \u2018partial_password\u2019 in something not a structure or union\n         crack->partial_password = partial_password;\n              ^\ncracker1.c:61:45: error: request for member \u2018partial_password\u2019 in something not a structure or union\n         for(unsigned i = 0; i < strlen(crack->partial_password);i++){\n                                             ^\ncracker1.c:66:14: error: request for member \u2018remaining_length\u2019 in something not a structure or union\n         crack->remaining_length = remaining_length;\n              ^\ncracker1.c:68:9: error: implicit declaration of function \u2018Queue_push\u2019 [-Werror=implicit-function-declaration]\n         Queue_push(&queue, crack);\n         ^\ncracker1.c:82:5: error: unknown type name \u2018Task\u2019\n     Task *tasks = malloc(thread_count * sizeof(Task));\n     ^\ncracker1.c:82:48: error: \u2018Task\u2019 undeclared (first use in this function)\n     Task *tasks = malloc(thread_count * sizeof(Task));\n                                                ^\ncracker1.c:84:17: error: request for member \u2018q\u2019 in something not a structure or union\n         tasks[i].q = &queue;\n                 ^\ncracker1.c:85:17: error: request for member \u2018threadId\u2019 in something not a structure or union\n         tasks[i].threadId = i;\n                 ^\ncracker1.c:86:38: error: \u2018crack_password\u2019 undeclared (first use in this function)\n         pthread_create(&pthr[i],NULL,crack_password,&tasks[i]);//int pthread_create(pthread_t *thread, const pthread_attr_t *attr,\n                                      ^\ncracker1.c:91:5: error: unknown type name \u2018Result\u2019\n     Result *ret;\n     ^\ncracker1.c:96:16: error: \u2018Result\u2019 undeclared (first use in this function)\n         ret = (Result *)r;\n                ^\ncracker1.c:96:24: error: expected expression before \u2018)\u2019 token\n         ret = (Result *)r;\n                        ^\ncracker1.c:97:23: error: request for member \u2018success\u2019 in something not a structure or union\n         success += ret->success;\n                       ^\ncracker1.c:98:23: error: request for member \u2018failure\u2019 in something not a structure or union\n         failure =+ ret->failure;\n                       ^\ncracker1.c: At top level:\ncracker1.c:117:25: error: \u2018struct crypt_data\u2019 declared inside parameter list [-Werror]\n int try_password(struct crypt_data *cdata, char *guess, char *hash)\n                         ^\ncracker1.c:117:25: error: its scope is only this definition or declaration, which is probably not what you want [-Werror]\ncracker1.c: In function \u2018try_password\u2019:\ncracker1.c:119:5: error: implicit declaration of function \u2018crypt_r\u2019 [-Werror=implicit-function-declaration]\n     if(strcmp(crypt_r(guess, \"xx\", cdata), hash) == 0)\n     ^\ncracker1.c:119:5: error: passing argument 1 of \u2018strlen\u2019 makes pointer from integer without a cast [-Werror]\nIn file included from cracker1.c:7:0:\n/usr/include/string.h:395:15: note: expected \u2018const char *\u2019 but argument is of type \u2018int\u2019\n extern size_t strlen (const char *__s)\n               ^\ncracker1.c:119:5: error: passing argument 1 of \u2018__builtin_strcmp\u2019 makes pointer from integer without a cast [-Werror]\n     if(strcmp(crypt_r(guess, \"xx\", cdata), hash) == 0)\n     ^\ncracker1.c:119:5: note: expected \u2018const char *\u2019 but argument is of type \u2018int\u2019\ncracker1.c:119:5: error: passing argument 1 of \u2018strlen\u2019 makes pointer from integer without a cast [-Werror]\nIn file included from cracker1.c:7:0:\n/usr/include/string.h:395:15: note: expected \u2018const char *\u2019 but argument is of type \u2018int\u2019\n extern size_t strlen (const char *__s)\n               ^\ncracker1.c:119:5: error: passing argument 1 of \u2018__builtin_strcmp\u2019 makes pointer from integer without a cast [-Werror]\n     if(strcmp(crypt_r(guess, \"xx\", cdata), hash) == 0)\n     ^\ncracker1.c:119:5: note: expected \u2018const char *\u2019 but argument is of type \u2018int\u2019\ncracker1.c:119:5: error: passing argument 1 of \u2018__builtin_strcmp\u2019 makes pointer from integer without a cast [-Werror]\ncracker1.c:119:5: note: expected \u2018const char *\u2019 but argument is of type \u2018int\u2019\ncracker1.c:119:5: error: passing argument 1 of \u2018__builtin_strcmp\u2019 makes pointer from integer without a cast [-Werror]\ncracker1.c:119:5: note: expected \u2018const char *\u2019 but argument is of type \u2018int\u2019\ncracker1.c: At top level:\ncracker1.c:142:27: error: \u2018struct crypt_data\u2019 declared inside parameter list [-Werror]\n int password_guess(struct crypt_data *cdata, char *password, char *hash, int start, int *guesses)\n                           ^\ncracker1.c: In function \u2018password_guess\u2019:\ncracker1.c:155:9: error: passing argument 1 of \u2018try_password\u2019 from incompatible pointer type [-Werror]\n         if(try_password(cdata, password, hash))//base case\n         ^\ncracker1.c:117:5: note: expected \u2018struct crypt_data *\u2019 but argument is of type \u2018struct crypt_data *\u2019\n int try_password(struct crypt_data *cdata, char *guess, char *hash)\n     ^\ncracker1.c: In function \u2018crack_password\u2019:\ncracker1.c:165:5: error: unknown type name \u2018Task\u2019\n     Task *task = (Task *)arg;\n     ^\ncracker1.c:165:19: error: \u2018Task\u2019 undeclared (first use in this function)\n     Task *task = (Task *)arg;\n                   ^\ncracker1.c:165:25: error: expected expression before \u2018)\u2019 token\n     Task *task = (Task *)arg;\n                         ^\ncracker1.c:166:5: error: unknown type name \u2018Queue\u2019\n     Queue *q = task->q;\n     ^\ncracker1.c:166:20: error: request for member \u2018q\u2019 in something not a structure or union\n     Queue *q = task->q;\n                    ^\ncracker1.c:167:5: error: unknown type name \u2018Result\u2019\n     Result *ret = malloc(sizeof(Result));\n     ^\ncracker1.c:167:33: error: \u2018Result\u2019 undeclared (first use in this function)\n     Result *ret = malloc(sizeof(Result));\n                                 ^\ncracker1.c:168:8: error: request for member \u2018success\u2019 in something not a structure or union\n     ret->success = 0;\n        ^\ncracker1.c:169:8: error: request for member \u2018failure\u2019 in something not a structure or union\n     ret->failure = 0;\n        ^\ncracker1.c:171:5: error: unknown type name \u2018Crack\u2019\n     Crack *crack = Queue_pull(q);\n     ^\ncracker1.c:171:5: error: implicit declaration of function \u2018Queue_pull\u2019 [-Werror=implicit-function-declaration]\ncracker1.c:171:20: error: initialization makes pointer from integer without a cast [-Werror]\n     Crack *crack = Queue_pull(q);\n                    ^\ncracker1.c:175:17: error: request for member \u2018username\u2019 in something not a structure or union\n         if(crack->username == NULL)\n                 ^\ncracker1.c:179:27: error: storage size of \u2018cdata\u2019 isn\u2019t known\n         struct crypt_data cdata;\n                           ^\ncracker1.c:185:35: error: request for member \u2018threadId\u2019 in something not a structure or union\n         v1_print_thread_start(task->threadId, crack->username);\n                                   ^\ncracker1.c:185:52: error: request for member \u2018username\u2019 in something not a structure or union\n         v1_print_thread_start(task->threadId, crack->username);\n                                                    ^\ncracker1.c:187:31: error: request for member \u2018partial_password\u2019 in something not a structure or union\n         strcat(password, crack->partial_password);\n                               ^\ncracker1.c:189:50: error: request for member \u2018remaining_length\u2019 in something not a structure or union\n         int start = (int)strlen(password) - crack->remaining_length;\n                                                  ^\ncracker1.c:192:60: error: request for member \u2018hash\u2019 in something not a structure or union\n         int result = password_guess(&cdata, password, crack->hash, start, &guesses);\n                                                            ^\ncracker1.c:201:36: error: request for member \u2018threadId\u2019 in something not a structure or union\n         v1_print_thread_result(task->threadId, crack->username, password, guesses, timeElapsed, result);\n                                    ^\ncracker1.c:201:53: error: request for member \u2018username\u2019 in something not a structure or union\n         v1_print_thread_result(task->threadId, crack->username, password, guesses, timeElapsed, result);\n                                                     ^\ncracker1.c:205:16: error: request for member \u2018success\u2019 in something not a structure or union\n             ret->success++;\n                ^\ncracker1.c:209:16: error: request for member \u2018failure\u2019 in something not a structure or union\n             ret->failure++;\n                ^\ncracker1.c:211:9: error: unknown type name \u2018Crack\u2019\n         Crack *filler = malloc(sizeof(Crack));\n         ^\ncracker1.c:211:39: error: \u2018Crack\u2019 undeclared (first use in this function)\n         Crack *filler = malloc(sizeof(Crack));\n                                       ^\ncracker1.c:212:15: error: request for member \u2018username\u2019 in something not a structure or union\n         filler->username = NULL;\n               ^\ncracker1.c:213:15: error: request for member \u2018hash\u2019 in something not a structure or union\n         filler->hash = NULL;\n               ^\ncracker1.c:214:15: error: request for member \u2018partial_password\u2019 in something not a structure or union\n         filler->partial_password = NULL;\n               ^\ncracker1.c:216:15: error: assignment makes pointer from integer without a cast [-Werror]\n         crack = Queue_pull(q);\n               ^\ncracker1.c:179:27: error: unused variable \u2018cdata\u2019 [-Werror=unused-variable]\n         struct crypt_data cdata;\n                           ^\ncracker1.c:163:28: warning: unused parameter \u2018arg\u2019 [-Wunused-parameter]\n void *crack_password(void *arg)\n                            ^\ncc1: all warnings being treated as errors\nmake: *** [.objs/cracker1-release.o] Error 1\n", 
        "ptsPossible": 1.0, 
        "ptsEarned": 0.0, 
        "name": "test_eof_end", 
        "description": "Test that the program doesn't exit until EOF is found"
      }, 
      {
        "log": "Trying to compile your code...\nFAILED TO COMPILE!\ncracker1.c: In function \u2018start\u2019:\ncracker1.c:44:5: error: unknown type name \u2018Queue\u2019\n     Queue queue;\n     ^\ncracker1.c:45:5: error: implicit declaration of function \u2018Queue_init\u2019 [-Werror=implicit-function-declaration]\n     Queue_init(&queue, 100);\n     ^\ncracker1.c:50:5: error: unknown type name \u2018Crack\u2019\n     Crack *crack;\n     ^\ncracker1.c:54:31: error: \u2018Crack\u2019 undeclared (first use in this function)\n         crack = malloc(sizeof(Crack));\n                               ^\ncracker1.c:54:31: note: each undeclared identifier is reported only once for each function it appears in\ncracker1.c:55:14: error: request for member \u2018username\u2019 in something not a structure or union\n         crack->username = username;\n              ^\ncracker1.c:56:14: error: request for member \u2018hash\u2019 in something not a structure or union\n         crack->hash = hash;\n              ^\ncracker1.c:57:14: error: request for member \u2018partial_password\u2019 in something not a structure or union\n         crack->partial_password = partial_password;\n              ^\ncracker1.c:61:45: error: request for member \u2018partial_password\u2019 in something not a structure or union\n         for(unsigned i = 0; i < strlen(crack->partial_password);i++){\n                                             ^\ncracker1.c:66:14: error: request for member \u2018remaining_length\u2019 in something not a structure or union\n         crack->remaining_length = remaining_length;\n              ^\ncracker1.c:68:9: error: implicit declaration of function \u2018Queue_push\u2019 [-Werror=implicit-function-declaration]\n         Queue_push(&queue, crack);\n         ^\ncracker1.c:82:5: error: unknown type name \u2018Task\u2019\n     Task *tasks = malloc(thread_count * sizeof(Task));\n     ^\ncracker1.c:82:48: error: \u2018Task\u2019 undeclared (first use in this function)\n     Task *tasks = malloc(thread_count * sizeof(Task));\n                                                ^\ncracker1.c:84:17: error: request for member \u2018q\u2019 in something not a structure or union\n         tasks[i].q = &queue;\n                 ^\ncracker1.c:85:17: error: request for member \u2018threadId\u2019 in something not a structure or union\n         tasks[i].threadId = i;\n                 ^\ncracker1.c:86:38: error: \u2018crack_password\u2019 undeclared (first use in this function)\n         pthread_create(&pthr[i],NULL,crack_password,&tasks[i]);//int pthread_create(pthread_t *thread, const pthread_attr_t *attr,\n                                      ^\ncracker1.c:91:5: error: unknown type name \u2018Result\u2019\n     Result *ret;\n     ^\ncracker1.c:96:16: error: \u2018Result\u2019 undeclared (first use in this function)\n         ret = (Result *)r;\n                ^\ncracker1.c:96:24: error: expected expression before \u2018)\u2019 token\n         ret = (Result *)r;\n                        ^\ncracker1.c:97:23: error: request for member \u2018success\u2019 in something not a structure or union\n         success += ret->success;\n                       ^\ncracker1.c:98:23: error: request for member \u2018failure\u2019 in something not a structure or union\n         failure =+ ret->failure;\n                       ^\ncracker1.c: At top level:\ncracker1.c:117:25: error: \u2018struct crypt_data\u2019 declared inside parameter list [-Werror]\n int try_password(struct crypt_data *cdata, char *guess, char *hash)\n                         ^\ncracker1.c:117:25: error: its scope is only this definition or declaration, which is probably not what you want [-Werror]\ncracker1.c: In function \u2018try_password\u2019:\ncracker1.c:119:5: error: implicit declaration of function \u2018crypt_r\u2019 [-Werror=implicit-function-declaration]\n     if(strcmp(crypt_r(guess, \"xx\", cdata), hash) == 0)\n     ^\ncracker1.c:119:5: error: passing argument 1 of \u2018strlen\u2019 makes pointer from integer without a cast [-Werror]\nIn file included from cracker1.c:7:0:\n/usr/include/string.h:395:15: note: expected \u2018const char *\u2019 but argument is of type \u2018int\u2019\n extern size_t strlen (const char *__s)\n               ^\ncracker1.c:119:5: error: passing argument 1 of \u2018__builtin_strcmp\u2019 makes pointer from integer without a cast [-Werror]\n     if(strcmp(crypt_r(guess, \"xx\", cdata), hash) == 0)\n     ^\ncracker1.c:119:5: note: expected \u2018const char *\u2019 but argument is of type \u2018int\u2019\ncracker1.c:119:5: error: passing argument 1 of \u2018strlen\u2019 makes pointer from integer without a cast [-Werror]\nIn file included from cracker1.c:7:0:\n/usr/include/string.h:395:15: note: expected \u2018const char *\u2019 but argument is of type \u2018int\u2019\n extern size_t strlen (const char *__s)\n               ^\ncracker1.c:119:5: error: passing argument 1 of \u2018__builtin_strcmp\u2019 makes pointer from integer without a cast [-Werror]\n     if(strcmp(crypt_r(guess, \"xx\", cdata), hash) == 0)\n     ^\ncracker1.c:119:5: note: expected \u2018const char *\u2019 but argument is of type \u2018int\u2019\ncracker1.c:119:5: error: passing argument 1 of \u2018__builtin_strcmp\u2019 makes pointer from integer without a cast [-Werror]\ncracker1.c:119:5: note: expected \u2018const char *\u2019 but argument is of type \u2018int\u2019\ncracker1.c:119:5: error: passing argument 1 of \u2018__builtin_strcmp\u2019 makes pointer from integer without a cast [-Werror]\ncracker1.c:119:5: note: expected \u2018const char *\u2019 but argument is of type \u2018int\u2019\ncracker1.c: At top level:\ncracker1.c:142:27: error: \u2018struct crypt_data\u2019 declared inside parameter list [-Werror]\n int password_guess(struct crypt_data *cdata, char *password, char *hash, int start, int *guesses)\n                           ^\ncracker1.c: In function \u2018password_guess\u2019:\ncracker1.c:155:9: error: passing argument 1 of \u2018try_password\u2019 from incompatible pointer type [-Werror]\n         if(try_password(cdata, password, hash))//base case\n         ^\ncracker1.c:117:5: note: expected \u2018struct crypt_data *\u2019 but argument is of type \u2018struct crypt_data *\u2019\n int try_password(struct crypt_data *cdata, char *guess, char *hash)\n     ^\ncracker1.c: In function \u2018crack_password\u2019:\ncracker1.c:165:5: error: unknown type name \u2018Task\u2019\n     Task *task = (Task *)arg;\n     ^\ncracker1.c:165:19: error: \u2018Task\u2019 undeclared (first use in this function)\n     Task *task = (Task *)arg;\n                   ^\ncracker1.c:165:25: error: expected expression before \u2018)\u2019 token\n     Task *task = (Task *)arg;\n                         ^\ncracker1.c:166:5: error: unknown type name \u2018Queue\u2019\n     Queue *q = task->q;\n     ^\ncracker1.c:166:20: error: request for member \u2018q\u2019 in something not a structure or union\n     Queue *q = task->q;\n                    ^\ncracker1.c:167:5: error: unknown type name \u2018Result\u2019\n     Result *ret = malloc(sizeof(Result));\n     ^\ncracker1.c:167:33: error: \u2018Result\u2019 undeclared (first use in this function)\n     Result *ret = malloc(sizeof(Result));\n                                 ^\ncracker1.c:168:8: error: request for member \u2018success\u2019 in something not a structure or union\n     ret->success = 0;\n        ^\ncracker1.c:169:8: error: request for member \u2018failure\u2019 in something not a structure or union\n     ret->failure = 0;\n        ^\ncracker1.c:171:5: error: unknown type name \u2018Crack\u2019\n     Crack *crack = Queue_pull(q);\n     ^\ncracker1.c:171:5: error: implicit declaration of function \u2018Queue_pull\u2019 [-Werror=implicit-function-declaration]\ncracker1.c:171:20: error: initialization makes pointer from integer without a cast [-Werror]\n     Crack *crack = Queue_pull(q);\n                    ^\ncracker1.c:175:17: error: request for member \u2018username\u2019 in something not a structure or union\n         if(crack->username == NULL)\n                 ^\ncracker1.c:179:27: error: storage size of \u2018cdata\u2019 isn\u2019t known\n         struct crypt_data cdata;\n                           ^\ncracker1.c:185:35: error: request for member \u2018threadId\u2019 in something not a structure or union\n         v1_print_thread_start(task->threadId, crack->username);\n                                   ^\ncracker1.c:185:52: error: request for member \u2018username\u2019 in something not a structure or union\n         v1_print_thread_start(task->threadId, crack->username);\n                                                    ^\ncracker1.c:187:31: error: request for member \u2018partial_password\u2019 in something not a structure or union\n         strcat(password, crack->partial_password);\n                               ^\ncracker1.c:189:50: error: request for member \u2018remaining_length\u2019 in something not a structure or union\n         int start = (int)strlen(password) - crack->remaining_length;\n                                                  ^\ncracker1.c:192:60: error: request for member \u2018hash\u2019 in something not a structure or union\n         int result = password_guess(&cdata, password, crack->hash, start, &guesses);\n                                                            ^\ncracker1.c:201:36: error: request for member \u2018threadId\u2019 in something not a structure or union\n         v1_print_thread_result(task->threadId, crack->username, password, guesses, timeElapsed, result);\n                                    ^\ncracker1.c:201:53: error: request for member \u2018username\u2019 in something not a structure or union\n         v1_print_thread_result(task->threadId, crack->username, password, guesses, timeElapsed, result);\n                                                     ^\ncracker1.c:205:16: error: request for member \u2018success\u2019 in something not a structure or union\n             ret->success++;\n                ^\ncracker1.c:209:16: error: request for member \u2018failure\u2019 in something not a structure or union\n             ret->failure++;\n                ^\ncracker1.c:211:9: error: unknown type name \u2018Crack\u2019\n         Crack *filler = malloc(sizeof(Crack));\n         ^\ncracker1.c:211:39: error: \u2018Crack\u2019 undeclared (first use in this function)\n         Crack *filler = malloc(sizeof(Crack));\n                                       ^\ncracker1.c:212:15: error: request for member \u2018username\u2019 in something not a structure or union\n         filler->username = NULL;\n               ^\ncracker1.c:213:15: error: request for member \u2018hash\u2019 in something not a structure or union\n         filler->hash = NULL;\n               ^\ncracker1.c:214:15: error: request for member \u2018partial_password\u2019 in something not a structure or union\n         filler->partial_password = NULL;\n               ^\ncracker1.c:216:15: error: assignment makes pointer from integer without a cast [-Werror]\n         crack = Queue_pull(q);\n               ^\ncracker1.c:179:27: error: unused variable \u2018cdata\u2019 [-Werror=unused-variable]\n         struct crypt_data cdata;\n                           ^\ncracker1.c:163:28: warning: unused parameter \u2018arg\u2019 [-Wunused-parameter]\n void *crack_password(void *arg)\n                            ^\ncc1: all warnings being treated as errors\nmake: *** [.objs/cracker1-release.o] Error 1\n", 
        "ptsPossible": 1.0, 
        "ptsEarned": 0.0, 
        "name": "test_queue_by_output", 
        "description": "Test that your queue works properly by checking order of outputs"
      }, 
      {
        "log": "Trying to compile your code...\nFAILED TO COMPILE!\ncracker1.c: In function \u2018start\u2019:\ncracker1.c:44:5: error: unknown type name \u2018Queue\u2019\n     Queue queue;\n     ^\ncracker1.c:45:5: error: implicit declaration of function \u2018Queue_init\u2019 [-Werror=implicit-function-declaration]\n     Queue_init(&queue, 100);\n     ^\ncracker1.c:50:5: error: unknown type name \u2018Crack\u2019\n     Crack *crack;\n     ^\ncracker1.c:54:31: error: \u2018Crack\u2019 undeclared (first use in this function)\n         crack = malloc(sizeof(Crack));\n                               ^\ncracker1.c:54:31: note: each undeclared identifier is reported only once for each function it appears in\ncracker1.c:55:14: error: request for member \u2018username\u2019 in something not a structure or union\n         crack->username = username;\n              ^\ncracker1.c:56:14: error: request for member \u2018hash\u2019 in something not a structure or union\n         crack->hash = hash;\n              ^\ncracker1.c:57:14: error: request for member \u2018partial_password\u2019 in something not a structure or union\n         crack->partial_password = partial_password;\n              ^\ncracker1.c:61:45: error: request for member \u2018partial_password\u2019 in something not a structure or union\n         for(unsigned i = 0; i < strlen(crack->partial_password);i++){\n                                             ^\ncracker1.c:66:14: error: request for member \u2018remaining_length\u2019 in something not a structure or union\n         crack->remaining_length = remaining_length;\n              ^\ncracker1.c:68:9: error: implicit declaration of function \u2018Queue_push\u2019 [-Werror=implicit-function-declaration]\n         Queue_push(&queue, crack);\n         ^\ncracker1.c:82:5: error: unknown type name \u2018Task\u2019\n     Task *tasks = malloc(thread_count * sizeof(Task));\n     ^\ncracker1.c:82:48: error: \u2018Task\u2019 undeclared (first use in this function)\n     Task *tasks = malloc(thread_count * sizeof(Task));\n                                                ^\ncracker1.c:84:17: error: request for member \u2018q\u2019 in something not a structure or union\n         tasks[i].q = &queue;\n                 ^\ncracker1.c:85:17: error: request for member \u2018threadId\u2019 in something not a structure or union\n         tasks[i].threadId = i;\n                 ^\ncracker1.c:86:38: error: \u2018crack_password\u2019 undeclared (first use in this function)\n         pthread_create(&pthr[i],NULL,crack_password,&tasks[i]);//int pthread_create(pthread_t *thread, const pthread_attr_t *attr,\n                                      ^\ncracker1.c:91:5: error: unknown type name \u2018Result\u2019\n     Result *ret;\n     ^\ncracker1.c:96:16: error: \u2018Result\u2019 undeclared (first use in this function)\n         ret = (Result *)r;\n                ^\ncracker1.c:96:24: error: expected expression before \u2018)\u2019 token\n         ret = (Result *)r;\n                        ^\ncracker1.c:97:23: error: request for member \u2018success\u2019 in something not a structure or union\n         success += ret->success;\n                       ^\ncracker1.c:98:23: error: request for member \u2018failure\u2019 in something not a structure or union\n         failure =+ ret->failure;\n                       ^\ncracker1.c: At top level:\ncracker1.c:117:25: error: \u2018struct crypt_data\u2019 declared inside parameter list [-Werror]\n int try_password(struct crypt_data *cdata, char *guess, char *hash)\n                         ^\ncracker1.c:117:25: error: its scope is only this definition or declaration, which is probably not what you want [-Werror]\ncracker1.c: In function \u2018try_password\u2019:\ncracker1.c:119:5: error: implicit declaration of function \u2018crypt_r\u2019 [-Werror=implicit-function-declaration]\n     if(strcmp(crypt_r(guess, \"xx\", cdata), hash) == 0)\n     ^\ncracker1.c:119:5: error: passing argument 1 of \u2018strlen\u2019 makes pointer from integer without a cast [-Werror]\nIn file included from cracker1.c:7:0:\n/usr/include/string.h:395:15: note: expected \u2018const char *\u2019 but argument is of type \u2018int\u2019\n extern size_t strlen (const char *__s)\n               ^\ncracker1.c:119:5: error: passing argument 1 of \u2018__builtin_strcmp\u2019 makes pointer from integer without a cast [-Werror]\n     if(strcmp(crypt_r(guess, \"xx\", cdata), hash) == 0)\n     ^\ncracker1.c:119:5: note: expected \u2018const char *\u2019 but argument is of type \u2018int\u2019\ncracker1.c:119:5: error: passing argument 1 of \u2018strlen\u2019 makes pointer from integer without a cast [-Werror]\nIn file included from cracker1.c:7:0:\n/usr/include/string.h:395:15: note: expected \u2018const char *\u2019 but argument is of type \u2018int\u2019\n extern size_t strlen (const char *__s)\n               ^\ncracker1.c:119:5: error: passing argument 1 of \u2018__builtin_strcmp\u2019 makes pointer from integer without a cast [-Werror]\n     if(strcmp(crypt_r(guess, \"xx\", cdata), hash) == 0)\n     ^\ncracker1.c:119:5: note: expected \u2018const char *\u2019 but argument is of type \u2018int\u2019\ncracker1.c:119:5: error: passing argument 1 of \u2018__builtin_strcmp\u2019 makes pointer from integer without a cast [-Werror]\ncracker1.c:119:5: note: expected \u2018const char *\u2019 but argument is of type \u2018int\u2019\ncracker1.c:119:5: error: passing argument 1 of \u2018__builtin_strcmp\u2019 makes pointer from integer without a cast [-Werror]\ncracker1.c:119:5: note: expected \u2018const char *\u2019 but argument is of type \u2018int\u2019\ncracker1.c: At top level:\ncracker1.c:142:27: error: \u2018struct crypt_data\u2019 declared inside parameter list [-Werror]\n int password_guess(struct crypt_data *cdata, char *password, char *hash, int start, int *guesses)\n                           ^\ncracker1.c: In function \u2018password_guess\u2019:\ncracker1.c:155:9: error: passing argument 1 of \u2018try_password\u2019 from incompatible pointer type [-Werror]\n         if(try_password(cdata, password, hash))//base case\n         ^\ncracker1.c:117:5: note: expected \u2018struct crypt_data *\u2019 but argument is of type \u2018struct crypt_data *\u2019\n int try_password(struct crypt_data *cdata, char *guess, char *hash)\n     ^\ncracker1.c: In function \u2018crack_password\u2019:\ncracker1.c:165:5: error: unknown type name \u2018Task\u2019\n     Task *task = (Task *)arg;\n     ^\ncracker1.c:165:19: error: \u2018Task\u2019 undeclared (first use in this function)\n     Task *task = (Task *)arg;\n                   ^\ncracker1.c:165:25: error: expected expression before \u2018)\u2019 token\n     Task *task = (Task *)arg;\n                         ^\ncracker1.c:166:5: error: unknown type name \u2018Queue\u2019\n     Queue *q = task->q;\n     ^\ncracker1.c:166:20: error: request for member \u2018q\u2019 in something not a structure or union\n     Queue *q = task->q;\n                    ^\ncracker1.c:167:5: error: unknown type name \u2018Result\u2019\n     Result *ret = malloc(sizeof(Result));\n     ^\ncracker1.c:167:33: error: \u2018Result\u2019 undeclared (first use in this function)\n     Result *ret = malloc(sizeof(Result));\n                                 ^\ncracker1.c:168:8: error: request for member \u2018success\u2019 in something not a structure or union\n     ret->success = 0;\n        ^\ncracker1.c:169:8: error: request for member \u2018failure\u2019 in something not a structure or union\n     ret->failure = 0;\n        ^\ncracker1.c:171:5: error: unknown type name \u2018Crack\u2019\n     Crack *crack = Queue_pull(q);\n     ^\ncracker1.c:171:5: error: implicit declaration of function \u2018Queue_pull\u2019 [-Werror=implicit-function-declaration]\ncracker1.c:171:20: error: initialization makes pointer from integer without a cast [-Werror]\n     Crack *crack = Queue_pull(q);\n                    ^\ncracker1.c:175:17: error: request for member \u2018username\u2019 in something not a structure or union\n         if(crack->username == NULL)\n                 ^\ncracker1.c:179:27: error: storage size of \u2018cdata\u2019 isn\u2019t known\n         struct crypt_data cdata;\n                           ^\ncracker1.c:185:35: error: request for member \u2018threadId\u2019 in something not a structure or union\n         v1_print_thread_start(task->threadId, crack->username);\n                                   ^\ncracker1.c:185:52: error: request for member \u2018username\u2019 in something not a structure or union\n         v1_print_thread_start(task->threadId, crack->username);\n                                                    ^\ncracker1.c:187:31: error: request for member \u2018partial_password\u2019 in something not a structure or union\n         strcat(password, crack->partial_password);\n                               ^\ncracker1.c:189:50: error: request for member \u2018remaining_length\u2019 in something not a structure or union\n         int start = (int)strlen(password) - crack->remaining_length;\n                                                  ^\ncracker1.c:192:60: error: request for member \u2018hash\u2019 in something not a structure or union\n         int result = password_guess(&cdata, password, crack->hash, start, &guesses);\n                                                            ^\ncracker1.c:201:36: error: request for member \u2018threadId\u2019 in something not a structure or union\n         v1_print_thread_result(task->threadId, crack->username, password, guesses, timeElapsed, result);\n                                    ^\ncracker1.c:201:53: error: request for member \u2018username\u2019 in something not a structure or union\n         v1_print_thread_result(task->threadId, crack->username, password, guesses, timeElapsed, result);\n                                                     ^\ncracker1.c:205:16: error: request for member \u2018success\u2019 in something not a structure or union\n             ret->success++;\n                ^\ncracker1.c:209:16: error: request for member \u2018failure\u2019 in something not a structure or union\n             ret->failure++;\n                ^\ncracker1.c:211:9: error: unknown type name \u2018Crack\u2019\n         Crack *filler = malloc(sizeof(Crack));\n         ^\ncracker1.c:211:39: error: \u2018Crack\u2019 undeclared (first use in this function)\n         Crack *filler = malloc(sizeof(Crack));\n                                       ^\ncracker1.c:212:15: error: request for member \u2018username\u2019 in something not a structure or union\n         filler->username = NULL;\n               ^\ncracker1.c:213:15: error: request for member \u2018hash\u2019 in something not a structure or union\n         filler->hash = NULL;\n               ^\ncracker1.c:214:15: error: request for member \u2018partial_password\u2019 in something not a structure or union\n         filler->partial_password = NULL;\n               ^\ncracker1.c:216:15: error: assignment makes pointer from integer without a cast [-Werror]\n         crack = Queue_pull(q);\n               ^\ncracker1.c:179:27: error: unused variable \u2018cdata\u2019 [-Werror=unused-variable]\n         struct crypt_data cdata;\n                           ^\ncracker1.c:163:28: warning: unused parameter \u2018arg\u2019 [-Wunused-parameter]\n void *crack_password(void *arg)\n                            ^\ncc1: all warnings being treated as errors\nmake: *** [.objs/cracker1-release.o] Error 1\n", 
        "ptsPossible": 1.0, 
        "ptsEarned": 0.0, 
        "name": "test_imbalanced_load", 
        "description": "Test the order of output of imbalanced loads"
      }, 
      {
        "log": "Trying to compile your code...\nFAILED TO COMPILE!\ncracker1.c: In function \u2018start\u2019:\ncracker1.c:44:5: error: unknown type name \u2018Queue\u2019\n     Queue queue;\n     ^\ncracker1.c:45:5: error: implicit declaration of function \u2018Queue_init\u2019 [-Werror=implicit-function-declaration]\n     Queue_init(&queue, 100);\n     ^\ncracker1.c:50:5: error: unknown type name \u2018Crack\u2019\n     Crack *crack;\n     ^\ncracker1.c:54:31: error: \u2018Crack\u2019 undeclared (first use in this function)\n         crack = malloc(sizeof(Crack));\n                               ^\ncracker1.c:54:31: note: each undeclared identifier is reported only once for each function it appears in\ncracker1.c:55:14: error: request for member \u2018username\u2019 in something not a structure or union\n         crack->username = username;\n              ^\ncracker1.c:56:14: error: request for member \u2018hash\u2019 in something not a structure or union\n         crack->hash = hash;\n              ^\ncracker1.c:57:14: error: request for member \u2018partial_password\u2019 in something not a structure or union\n         crack->partial_password = partial_password;\n              ^\ncracker1.c:61:45: error: request for member \u2018partial_password\u2019 in something not a structure or union\n         for(unsigned i = 0; i < strlen(crack->partial_password);i++){\n                                             ^\ncracker1.c:66:14: error: request for member \u2018remaining_length\u2019 in something not a structure or union\n         crack->remaining_length = remaining_length;\n              ^\ncracker1.c:68:9: error: implicit declaration of function \u2018Queue_push\u2019 [-Werror=implicit-function-declaration]\n         Queue_push(&queue, crack);\n         ^\ncracker1.c:82:5: error: unknown type name \u2018Task\u2019\n     Task *tasks = malloc(thread_count * sizeof(Task));\n     ^\ncracker1.c:82:48: error: \u2018Task\u2019 undeclared (first use in this function)\n     Task *tasks = malloc(thread_count * sizeof(Task));\n                                                ^\ncracker1.c:84:17: error: request for member \u2018q\u2019 in something not a structure or union\n         tasks[i].q = &queue;\n                 ^\ncracker1.c:85:17: error: request for member \u2018threadId\u2019 in something not a structure or union\n         tasks[i].threadId = i;\n                 ^\ncracker1.c:86:38: error: \u2018crack_password\u2019 undeclared (first use in this function)\n         pthread_create(&pthr[i],NULL,crack_password,&tasks[i]);//int pthread_create(pthread_t *thread, const pthread_attr_t *attr,\n                                      ^\ncracker1.c:91:5: error: unknown type name \u2018Result\u2019\n     Result *ret;\n     ^\ncracker1.c:96:16: error: \u2018Result\u2019 undeclared (first use in this function)\n         ret = (Result *)r;\n                ^\ncracker1.c:96:24: error: expected expression before \u2018)\u2019 token\n         ret = (Result *)r;\n                        ^\ncracker1.c:97:23: error: request for member \u2018success\u2019 in something not a structure or union\n         success += ret->success;\n                       ^\ncracker1.c:98:23: error: request for member \u2018failure\u2019 in something not a structure or union\n         failure =+ ret->failure;\n                       ^\ncracker1.c: At top level:\ncracker1.c:117:25: error: \u2018struct crypt_data\u2019 declared inside parameter list [-Werror]\n int try_password(struct crypt_data *cdata, char *guess, char *hash)\n                         ^\ncracker1.c:117:25: error: its scope is only this definition or declaration, which is probably not what you want [-Werror]\ncracker1.c: In function \u2018try_password\u2019:\ncracker1.c:119:5: error: implicit declaration of function \u2018crypt_r\u2019 [-Werror=implicit-function-declaration]\n     if(strcmp(crypt_r(guess, \"xx\", cdata), hash) == 0)\n     ^\ncracker1.c:119:5: error: passing argument 1 of \u2018strlen\u2019 makes pointer from integer without a cast [-Werror]\nIn file included from cracker1.c:7:0:\n/usr/include/string.h:395:15: note: expected \u2018const char *\u2019 but argument is of type \u2018int\u2019\n extern size_t strlen (const char *__s)\n               ^\ncracker1.c:119:5: error: passing argument 1 of \u2018__builtin_strcmp\u2019 makes pointer from integer without a cast [-Werror]\n     if(strcmp(crypt_r(guess, \"xx\", cdata), hash) == 0)\n     ^\ncracker1.c:119:5: note: expected \u2018const char *\u2019 but argument is of type \u2018int\u2019\ncracker1.c:119:5: error: passing argument 1 of \u2018strlen\u2019 makes pointer from integer without a cast [-Werror]\nIn file included from cracker1.c:7:0:\n/usr/include/string.h:395:15: note: expected \u2018const char *\u2019 but argument is of type \u2018int\u2019\n extern size_t strlen (const char *__s)\n               ^\ncracker1.c:119:5: error: passing argument 1 of \u2018__builtin_strcmp\u2019 makes pointer from integer without a cast [-Werror]\n     if(strcmp(crypt_r(guess, \"xx\", cdata), hash) == 0)\n     ^\ncracker1.c:119:5: note: expected \u2018const char *\u2019 but argument is of type \u2018int\u2019\ncracker1.c:119:5: error: passing argument 1 of \u2018__builtin_strcmp\u2019 makes pointer from integer without a cast [-Werror]\ncracker1.c:119:5: note: expected \u2018const char *\u2019 but argument is of type \u2018int\u2019\ncracker1.c:119:5: error: passing argument 1 of \u2018__builtin_strcmp\u2019 makes pointer from integer without a cast [-Werror]\ncracker1.c:119:5: note: expected \u2018const char *\u2019 but argument is of type \u2018int\u2019\ncracker1.c: At top level:\ncracker1.c:142:27: error: \u2018struct crypt_data\u2019 declared inside parameter list [-Werror]\n int password_guess(struct crypt_data *cdata, char *password, char *hash, int start, int *guesses)\n                           ^\ncracker1.c: In function \u2018password_guess\u2019:\ncracker1.c:155:9: error: passing argument 1 of \u2018try_password\u2019 from incompatible pointer type [-Werror]\n         if(try_password(cdata, password, hash))//base case\n         ^\ncracker1.c:117:5: note: expected \u2018struct crypt_data *\u2019 but argument is of type \u2018struct crypt_data *\u2019\n int try_password(struct crypt_data *cdata, char *guess, char *hash)\n     ^\ncracker1.c: In function \u2018crack_password\u2019:\ncracker1.c:165:5: error: unknown type name \u2018Task\u2019\n     Task *task = (Task *)arg;\n     ^\ncracker1.c:165:19: error: \u2018Task\u2019 undeclared (first use in this function)\n     Task *task = (Task *)arg;\n                   ^\ncracker1.c:165:25: error: expected expression before \u2018)\u2019 token\n     Task *task = (Task *)arg;\n                         ^\ncracker1.c:166:5: error: unknown type name \u2018Queue\u2019\n     Queue *q = task->q;\n     ^\ncracker1.c:166:20: error: request for member \u2018q\u2019 in something not a structure or union\n     Queue *q = task->q;\n                    ^\ncracker1.c:167:5: error: unknown type name \u2018Result\u2019\n     Result *ret = malloc(sizeof(Result));\n     ^\ncracker1.c:167:33: error: \u2018Result\u2019 undeclared (first use in this function)\n     Result *ret = malloc(sizeof(Result));\n                                 ^\ncracker1.c:168:8: error: request for member \u2018success\u2019 in something not a structure or union\n     ret->success = 0;\n        ^\ncracker1.c:169:8: error: request for member \u2018failure\u2019 in something not a structure or union\n     ret->failure = 0;\n        ^\ncracker1.c:171:5: error: unknown type name \u2018Crack\u2019\n     Crack *crack = Queue_pull(q);\n     ^\ncracker1.c:171:5: error: implicit declaration of function \u2018Queue_pull\u2019 [-Werror=implicit-function-declaration]\ncracker1.c:171:20: error: initialization makes pointer from integer without a cast [-Werror]\n     Crack *crack = Queue_pull(q);\n                    ^\ncracker1.c:175:17: error: request for member \u2018username\u2019 in something not a structure or union\n         if(crack->username == NULL)\n                 ^\ncracker1.c:179:27: error: storage size of \u2018cdata\u2019 isn\u2019t known\n         struct crypt_data cdata;\n                           ^\ncracker1.c:185:35: error: request for member \u2018threadId\u2019 in something not a structure or union\n         v1_print_thread_start(task->threadId, crack->username);\n                                   ^\ncracker1.c:185:52: error: request for member \u2018username\u2019 in something not a structure or union\n         v1_print_thread_start(task->threadId, crack->username);\n                                                    ^\ncracker1.c:187:31: error: request for member \u2018partial_password\u2019 in something not a structure or union\n         strcat(password, crack->partial_password);\n                               ^\ncracker1.c:189:50: error: request for member \u2018remaining_length\u2019 in something not a structure or union\n         int start = (int)strlen(password) - crack->remaining_length;\n                                                  ^\ncracker1.c:192:60: error: request for member \u2018hash\u2019 in something not a structure or union\n         int result = password_guess(&cdata, password, crack->hash, start, &guesses);\n                                                            ^\ncracker1.c:201:36: error: request for member \u2018threadId\u2019 in something not a structure or union\n         v1_print_thread_result(task->threadId, crack->username, password, guesses, timeElapsed, result);\n                                    ^\ncracker1.c:201:53: error: request for member \u2018username\u2019 in something not a structure or union\n         v1_print_thread_result(task->threadId, crack->username, password, guesses, timeElapsed, result);\n                                                     ^\ncracker1.c:205:16: error: request for member \u2018success\u2019 in something not a structure or union\n             ret->success++;\n                ^\ncracker1.c:209:16: error: request for member \u2018failure\u2019 in something not a structure or union\n             ret->failure++;\n                ^\ncracker1.c:211:9: error: unknown type name \u2018Crack\u2019\n         Crack *filler = malloc(sizeof(Crack));\n         ^\ncracker1.c:211:39: error: \u2018Crack\u2019 undeclared (first use in this function)\n         Crack *filler = malloc(sizeof(Crack));\n                                       ^\ncracker1.c:212:15: error: request for member \u2018username\u2019 in something not a structure or union\n         filler->username = NULL;\n               ^\ncracker1.c:213:15: error: request for member \u2018hash\u2019 in something not a structure or union\n         filler->hash = NULL;\n               ^\ncracker1.c:214:15: error: request for member \u2018partial_password\u2019 in something not a structure or union\n         filler->partial_password = NULL;\n               ^\ncracker1.c:216:15: error: assignment makes pointer from integer without a cast [-Werror]\n         crack = Queue_pull(q);\n               ^\ncracker1.c:179:27: error: unused variable \u2018cdata\u2019 [-Werror=unused-variable]\n         struct crypt_data cdata;\n                           ^\ncracker1.c:163:28: warning: unused parameter \u2018arg\u2019 [-Wunused-parameter]\n void *crack_password(void *arg)\n                            ^\ncc1: all warnings being treated as errors\nmake: *** [.objs/cracker1-release.o] Error 1\n", 
        "ptsPossible": 1.0, 
        "ptsEarned": 0.0, 
        "name": "test_memory_easy", 
        "description": "Test a single password"
      }, 
      {
        "log": "Trying to compile your code...\nFAILED TO COMPILE!\ncracker1.c: In function \u2018start\u2019:\ncracker1.c:44:5: error: unknown type name \u2018Queue\u2019\n     Queue queue;\n     ^\ncracker1.c:45:5: error: implicit declaration of function \u2018Queue_init\u2019 [-Werror=implicit-function-declaration]\n     Queue_init(&queue, 100);\n     ^\ncracker1.c:50:5: error: unknown type name \u2018Crack\u2019\n     Crack *crack;\n     ^\ncracker1.c:54:31: error: \u2018Crack\u2019 undeclared (first use in this function)\n         crack = malloc(sizeof(Crack));\n                               ^\ncracker1.c:54:31: note: each undeclared identifier is reported only once for each function it appears in\ncracker1.c:55:14: error: request for member \u2018username\u2019 in something not a structure or union\n         crack->username = username;\n              ^\ncracker1.c:56:14: error: request for member \u2018hash\u2019 in something not a structure or union\n         crack->hash = hash;\n              ^\ncracker1.c:57:14: error: request for member \u2018partial_password\u2019 in something not a structure or union\n         crack->partial_password = partial_password;\n              ^\ncracker1.c:61:45: error: request for member \u2018partial_password\u2019 in something not a structure or union\n         for(unsigned i = 0; i < strlen(crack->partial_password);i++){\n                                             ^\ncracker1.c:66:14: error: request for member \u2018remaining_length\u2019 in something not a structure or union\n         crack->remaining_length = remaining_length;\n              ^\ncracker1.c:68:9: error: implicit declaration of function \u2018Queue_push\u2019 [-Werror=implicit-function-declaration]\n         Queue_push(&queue, crack);\n         ^\ncracker1.c:82:5: error: unknown type name \u2018Task\u2019\n     Task *tasks = malloc(thread_count * sizeof(Task));\n     ^\ncracker1.c:82:48: error: \u2018Task\u2019 undeclared (first use in this function)\n     Task *tasks = malloc(thread_count * sizeof(Task));\n                                                ^\ncracker1.c:84:17: error: request for member \u2018q\u2019 in something not a structure or union\n         tasks[i].q = &queue;\n                 ^\ncracker1.c:85:17: error: request for member \u2018threadId\u2019 in something not a structure or union\n         tasks[i].threadId = i;\n                 ^\ncracker1.c:86:38: error: \u2018crack_password\u2019 undeclared (first use in this function)\n         pthread_create(&pthr[i],NULL,crack_password,&tasks[i]);//int pthread_create(pthread_t *thread, const pthread_attr_t *attr,\n                                      ^\ncracker1.c:91:5: error: unknown type name \u2018Result\u2019\n     Result *ret;\n     ^\ncracker1.c:96:16: error: \u2018Result\u2019 undeclared (first use in this function)\n         ret = (Result *)r;\n                ^\ncracker1.c:96:24: error: expected expression before \u2018)\u2019 token\n         ret = (Result *)r;\n                        ^\ncracker1.c:97:23: error: request for member \u2018success\u2019 in something not a structure or union\n         success += ret->success;\n                       ^\ncracker1.c:98:23: error: request for member \u2018failure\u2019 in something not a structure or union\n         failure =+ ret->failure;\n                       ^\ncracker1.c: At top level:\ncracker1.c:117:25: error: \u2018struct crypt_data\u2019 declared inside parameter list [-Werror]\n int try_password(struct crypt_data *cdata, char *guess, char *hash)\n                         ^\ncracker1.c:117:25: error: its scope is only this definition or declaration, which is probably not what you want [-Werror]\ncracker1.c: In function \u2018try_password\u2019:\ncracker1.c:119:5: error: implicit declaration of function \u2018crypt_r\u2019 [-Werror=implicit-function-declaration]\n     if(strcmp(crypt_r(guess, \"xx\", cdata), hash) == 0)\n     ^\ncracker1.c:119:5: error: passing argument 1 of \u2018strlen\u2019 makes pointer from integer without a cast [-Werror]\nIn file included from cracker1.c:7:0:\n/usr/include/string.h:395:15: note: expected \u2018const char *\u2019 but argument is of type \u2018int\u2019\n extern size_t strlen (const char *__s)\n               ^\ncracker1.c:119:5: error: passing argument 1 of \u2018__builtin_strcmp\u2019 makes pointer from integer without a cast [-Werror]\n     if(strcmp(crypt_r(guess, \"xx\", cdata), hash) == 0)\n     ^\ncracker1.c:119:5: note: expected \u2018const char *\u2019 but argument is of type \u2018int\u2019\ncracker1.c:119:5: error: passing argument 1 of \u2018strlen\u2019 makes pointer from integer without a cast [-Werror]\nIn file included from cracker1.c:7:0:\n/usr/include/string.h:395:15: note: expected \u2018const char *\u2019 but argument is of type \u2018int\u2019\n extern size_t strlen (const char *__s)\n               ^\ncracker1.c:119:5: error: passing argument 1 of \u2018__builtin_strcmp\u2019 makes pointer from integer without a cast [-Werror]\n     if(strcmp(crypt_r(guess, \"xx\", cdata), hash) == 0)\n     ^\ncracker1.c:119:5: note: expected \u2018const char *\u2019 but argument is of type \u2018int\u2019\ncracker1.c:119:5: error: passing argument 1 of \u2018__builtin_strcmp\u2019 makes pointer from integer without a cast [-Werror]\ncracker1.c:119:5: note: expected \u2018const char *\u2019 but argument is of type \u2018int\u2019\ncracker1.c:119:5: error: passing argument 1 of \u2018__builtin_strcmp\u2019 makes pointer from integer without a cast [-Werror]\ncracker1.c:119:5: note: expected \u2018const char *\u2019 but argument is of type \u2018int\u2019\ncracker1.c: At top level:\ncracker1.c:142:27: error: \u2018struct crypt_data\u2019 declared inside parameter list [-Werror]\n int password_guess(struct crypt_data *cdata, char *password, char *hash, int start, int *guesses)\n                           ^\ncracker1.c: In function \u2018password_guess\u2019:\ncracker1.c:155:9: error: passing argument 1 of \u2018try_password\u2019 from incompatible pointer type [-Werror]\n         if(try_password(cdata, password, hash))//base case\n         ^\ncracker1.c:117:5: note: expected \u2018struct crypt_data *\u2019 but argument is of type \u2018struct crypt_data *\u2019\n int try_password(struct crypt_data *cdata, char *guess, char *hash)\n     ^\ncracker1.c: In function \u2018crack_password\u2019:\ncracker1.c:165:5: error: unknown type name \u2018Task\u2019\n     Task *task = (Task *)arg;\n     ^\ncracker1.c:165:19: error: \u2018Task\u2019 undeclared (first use in this function)\n     Task *task = (Task *)arg;\n                   ^\ncracker1.c:165:25: error: expected expression before \u2018)\u2019 token\n     Task *task = (Task *)arg;\n                         ^\ncracker1.c:166:5: error: unknown type name \u2018Queue\u2019\n     Queue *q = task->q;\n     ^\ncracker1.c:166:20: error: request for member \u2018q\u2019 in something not a structure or union\n     Queue *q = task->q;\n                    ^\ncracker1.c:167:5: error: unknown type name \u2018Result\u2019\n     Result *ret = malloc(sizeof(Result));\n     ^\ncracker1.c:167:33: error: \u2018Result\u2019 undeclared (first use in this function)\n     Result *ret = malloc(sizeof(Result));\n                                 ^\ncracker1.c:168:8: error: request for member \u2018success\u2019 in something not a structure or union\n     ret->success = 0;\n        ^\ncracker1.c:169:8: error: request for member \u2018failure\u2019 in something not a structure or union\n     ret->failure = 0;\n        ^\ncracker1.c:171:5: error: unknown type name \u2018Crack\u2019\n     Crack *crack = Queue_pull(q);\n     ^\ncracker1.c:171:5: error: implicit declaration of function \u2018Queue_pull\u2019 [-Werror=implicit-function-declaration]\ncracker1.c:171:20: error: initialization makes pointer from integer without a cast [-Werror]\n     Crack *crack = Queue_pull(q);\n                    ^\ncracker1.c:175:17: error: request for member \u2018username\u2019 in something not a structure or union\n         if(crack->username == NULL)\n                 ^\ncracker1.c:179:27: error: storage size of \u2018cdata\u2019 isn\u2019t known\n         struct crypt_data cdata;\n                           ^\ncracker1.c:185:35: error: request for member \u2018threadId\u2019 in something not a structure or union\n         v1_print_thread_start(task->threadId, crack->username);\n                                   ^\ncracker1.c:185:52: error: request for member \u2018username\u2019 in something not a structure or union\n         v1_print_thread_start(task->threadId, crack->username);\n                                                    ^\ncracker1.c:187:31: error: request for member \u2018partial_password\u2019 in something not a structure or union\n         strcat(password, crack->partial_password);\n                               ^\ncracker1.c:189:50: error: request for member \u2018remaining_length\u2019 in something not a structure or union\n         int start = (int)strlen(password) - crack->remaining_length;\n                                                  ^\ncracker1.c:192:60: error: request for member \u2018hash\u2019 in something not a structure or union\n         int result = password_guess(&cdata, password, crack->hash, start, &guesses);\n                                                            ^\ncracker1.c:201:36: error: request for member \u2018threadId\u2019 in something not a structure or union\n         v1_print_thread_result(task->threadId, crack->username, password, guesses, timeElapsed, result);\n                                    ^\ncracker1.c:201:53: error: request for member \u2018username\u2019 in something not a structure or union\n         v1_print_thread_result(task->threadId, crack->username, password, guesses, timeElapsed, result);\n                                                     ^\ncracker1.c:205:16: error: request for member \u2018success\u2019 in something not a structure or union\n             ret->success++;\n                ^\ncracker1.c:209:16: error: request for member \u2018failure\u2019 in something not a structure or union\n             ret->failure++;\n                ^\ncracker1.c:211:9: error: unknown type name \u2018Crack\u2019\n         Crack *filler = malloc(sizeof(Crack));\n         ^\ncracker1.c:211:39: error: \u2018Crack\u2019 undeclared (first use in this function)\n         Crack *filler = malloc(sizeof(Crack));\n                                       ^\ncracker1.c:212:15: error: request for member \u2018username\u2019 in something not a structure or union\n         filler->username = NULL;\n               ^\ncracker1.c:213:15: error: request for member \u2018hash\u2019 in something not a structure or union\n         filler->hash = NULL;\n               ^\ncracker1.c:214:15: error: request for member \u2018partial_password\u2019 in something not a structure or union\n         filler->partial_password = NULL;\n               ^\ncracker1.c:216:15: error: assignment makes pointer from integer without a cast [-Werror]\n         crack = Queue_pull(q);\n               ^\ncracker1.c:179:27: error: unused variable \u2018cdata\u2019 [-Werror=unused-variable]\n         struct crypt_data cdata;\n                           ^\ncracker1.c:163:28: warning: unused parameter \u2018arg\u2019 [-Wunused-parameter]\n void *crack_password(void *arg)\n                            ^\ncc1: all warnings being treated as errors\nmake: *** [.objs/cracker1-release.o] Error 1\n", 
        "ptsPossible": 1.0, 
        "ptsEarned": 0.0, 
        "name": "test_memory_medium", 
        "description": "Test a couple of passwords"
      }, 
      {
        "log": "Trying to compile your code...\nFAILED TO COMPILE!\ncracker1.c: In function \u2018start\u2019:\ncracker1.c:44:5: error: unknown type name \u2018Queue\u2019\n     Queue queue;\n     ^\ncracker1.c:45:5: error: implicit declaration of function \u2018Queue_init\u2019 [-Werror=implicit-function-declaration]\n     Queue_init(&queue, 100);\n     ^\ncracker1.c:50:5: error: unknown type name \u2018Crack\u2019\n     Crack *crack;\n     ^\ncracker1.c:54:31: error: \u2018Crack\u2019 undeclared (first use in this function)\n         crack = malloc(sizeof(Crack));\n                               ^\ncracker1.c:54:31: note: each undeclared identifier is reported only once for each function it appears in\ncracker1.c:55:14: error: request for member \u2018username\u2019 in something not a structure or union\n         crack->username = username;\n              ^\ncracker1.c:56:14: error: request for member \u2018hash\u2019 in something not a structure or union\n         crack->hash = hash;\n              ^\ncracker1.c:57:14: error: request for member \u2018partial_password\u2019 in something not a structure or union\n         crack->partial_password = partial_password;\n              ^\ncracker1.c:61:45: error: request for member \u2018partial_password\u2019 in something not a structure or union\n         for(unsigned i = 0; i < strlen(crack->partial_password);i++){\n                                             ^\ncracker1.c:66:14: error: request for member \u2018remaining_length\u2019 in something not a structure or union\n         crack->remaining_length = remaining_length;\n              ^\ncracker1.c:68:9: error: implicit declaration of function \u2018Queue_push\u2019 [-Werror=implicit-function-declaration]\n         Queue_push(&queue, crack);\n         ^\ncracker1.c:82:5: error: unknown type name \u2018Task\u2019\n     Task *tasks = malloc(thread_count * sizeof(Task));\n     ^\ncracker1.c:82:48: error: \u2018Task\u2019 undeclared (first use in this function)\n     Task *tasks = malloc(thread_count * sizeof(Task));\n                                                ^\ncracker1.c:84:17: error: request for member \u2018q\u2019 in something not a structure or union\n         tasks[i].q = &queue;\n                 ^\ncracker1.c:85:17: error: request for member \u2018threadId\u2019 in something not a structure or union\n         tasks[i].threadId = i;\n                 ^\ncracker1.c:86:38: error: \u2018crack_password\u2019 undeclared (first use in this function)\n         pthread_create(&pthr[i],NULL,crack_password,&tasks[i]);//int pthread_create(pthread_t *thread, const pthread_attr_t *attr,\n                                      ^\ncracker1.c:91:5: error: unknown type name \u2018Result\u2019\n     Result *ret;\n     ^\ncracker1.c:96:16: error: \u2018Result\u2019 undeclared (first use in this function)\n         ret = (Result *)r;\n                ^\ncracker1.c:96:24: error: expected expression before \u2018)\u2019 token\n         ret = (Result *)r;\n                        ^\ncracker1.c:97:23: error: request for member \u2018success\u2019 in something not a structure or union\n         success += ret->success;\n                       ^\ncracker1.c:98:23: error: request for member \u2018failure\u2019 in something not a structure or union\n         failure =+ ret->failure;\n                       ^\ncracker1.c: At top level:\ncracker1.c:117:25: error: \u2018struct crypt_data\u2019 declared inside parameter list [-Werror]\n int try_password(struct crypt_data *cdata, char *guess, char *hash)\n                         ^\ncracker1.c:117:25: error: its scope is only this definition or declaration, which is probably not what you want [-Werror]\ncracker1.c: In function \u2018try_password\u2019:\ncracker1.c:119:5: error: implicit declaration of function \u2018crypt_r\u2019 [-Werror=implicit-function-declaration]\n     if(strcmp(crypt_r(guess, \"xx\", cdata), hash) == 0)\n     ^\ncracker1.c:119:5: error: passing argument 1 of \u2018strlen\u2019 makes pointer from integer without a cast [-Werror]\nIn file included from cracker1.c:7:0:\n/usr/include/string.h:395:15: note: expected \u2018const char *\u2019 but argument is of type \u2018int\u2019\n extern size_t strlen (const char *__s)\n               ^\ncracker1.c:119:5: error: passing argument 1 of \u2018__builtin_strcmp\u2019 makes pointer from integer without a cast [-Werror]\n     if(strcmp(crypt_r(guess, \"xx\", cdata), hash) == 0)\n     ^\ncracker1.c:119:5: note: expected \u2018const char *\u2019 but argument is of type \u2018int\u2019\ncracker1.c:119:5: error: passing argument 1 of \u2018strlen\u2019 makes pointer from integer without a cast [-Werror]\nIn file included from cracker1.c:7:0:\n/usr/include/string.h:395:15: note: expected \u2018const char *\u2019 but argument is of type \u2018int\u2019\n extern size_t strlen (const char *__s)\n               ^\ncracker1.c:119:5: error: passing argument 1 of \u2018__builtin_strcmp\u2019 makes pointer from integer without a cast [-Werror]\n     if(strcmp(crypt_r(guess, \"xx\", cdata), hash) == 0)\n     ^\ncracker1.c:119:5: note: expected \u2018const char *\u2019 but argument is of type \u2018int\u2019\ncracker1.c:119:5: error: passing argument 1 of \u2018__builtin_strcmp\u2019 makes pointer from integer without a cast [-Werror]\ncracker1.c:119:5: note: expected \u2018const char *\u2019 but argument is of type \u2018int\u2019\ncracker1.c:119:5: error: passing argument 1 of \u2018__builtin_strcmp\u2019 makes pointer from integer without a cast [-Werror]\ncracker1.c:119:5: note: expected \u2018const char *\u2019 but argument is of type \u2018int\u2019\ncracker1.c: At top level:\ncracker1.c:142:27: error: \u2018struct crypt_data\u2019 declared inside parameter list [-Werror]\n int password_guess(struct crypt_data *cdata, char *password, char *hash, int start, int *guesses)\n                           ^\ncracker1.c: In function \u2018password_guess\u2019:\ncracker1.c:155:9: error: passing argument 1 of \u2018try_password\u2019 from incompatible pointer type [-Werror]\n         if(try_password(cdata, password, hash))//base case\n         ^\ncracker1.c:117:5: note: expected \u2018struct crypt_data *\u2019 but argument is of type \u2018struct crypt_data *\u2019\n int try_password(struct crypt_data *cdata, char *guess, char *hash)\n     ^\ncracker1.c: In function \u2018crack_password\u2019:\ncracker1.c:165:5: error: unknown type name \u2018Task\u2019\n     Task *task = (Task *)arg;\n     ^\ncracker1.c:165:19: error: \u2018Task\u2019 undeclared (first use in this function)\n     Task *task = (Task *)arg;\n                   ^\ncracker1.c:165:25: error: expected expression before \u2018)\u2019 token\n     Task *task = (Task *)arg;\n                         ^\ncracker1.c:166:5: error: unknown type name \u2018Queue\u2019\n     Queue *q = task->q;\n     ^\ncracker1.c:166:20: error: request for member \u2018q\u2019 in something not a structure or union\n     Queue *q = task->q;\n                    ^\ncracker1.c:167:5: error: unknown type name \u2018Result\u2019\n     Result *ret = malloc(sizeof(Result));\n     ^\ncracker1.c:167:33: error: \u2018Result\u2019 undeclared (first use in this function)\n     Result *ret = malloc(sizeof(Result));\n                                 ^\ncracker1.c:168:8: error: request for member \u2018success\u2019 in something not a structure or union\n     ret->success = 0;\n        ^\ncracker1.c:169:8: error: request for member \u2018failure\u2019 in something not a structure or union\n     ret->failure = 0;\n        ^\ncracker1.c:171:5: error: unknown type name \u2018Crack\u2019\n     Crack *crack = Queue_pull(q);\n     ^\ncracker1.c:171:5: error: implicit declaration of function \u2018Queue_pull\u2019 [-Werror=implicit-function-declaration]\ncracker1.c:171:20: error: initialization makes pointer from integer without a cast [-Werror]\n     Crack *crack = Queue_pull(q);\n                    ^\ncracker1.c:175:17: error: request for member \u2018username\u2019 in something not a structure or union\n         if(crack->username == NULL)\n                 ^\ncracker1.c:179:27: error: storage size of \u2018cdata\u2019 isn\u2019t known\n         struct crypt_data cdata;\n                           ^\ncracker1.c:185:35: error: request for member \u2018threadId\u2019 in something not a structure or union\n         v1_print_thread_start(task->threadId, crack->username);\n                                   ^\ncracker1.c:185:52: error: request for member \u2018username\u2019 in something not a structure or union\n         v1_print_thread_start(task->threadId, crack->username);\n                                                    ^\ncracker1.c:187:31: error: request for member \u2018partial_password\u2019 in something not a structure or union\n         strcat(password, crack->partial_password);\n                               ^\ncracker1.c:189:50: error: request for member \u2018remaining_length\u2019 in something not a structure or union\n         int start = (int)strlen(password) - crack->remaining_length;\n                                                  ^\ncracker1.c:192:60: error: request for member \u2018hash\u2019 in something not a structure or union\n         int result = password_guess(&cdata, password, crack->hash, start, &guesses);\n                                                            ^\ncracker1.c:201:36: error: request for member \u2018threadId\u2019 in something not a structure or union\n         v1_print_thread_result(task->threadId, crack->username, password, guesses, timeElapsed, result);\n                                    ^\ncracker1.c:201:53: error: request for member \u2018username\u2019 in something not a structure or union\n         v1_print_thread_result(task->threadId, crack->username, password, guesses, timeElapsed, result);\n                                                     ^\ncracker1.c:205:16: error: request for member \u2018success\u2019 in something not a structure or union\n             ret->success++;\n                ^\ncracker1.c:209:16: error: request for member \u2018failure\u2019 in something not a structure or union\n             ret->failure++;\n                ^\ncracker1.c:211:9: error: unknown type name \u2018Crack\u2019\n         Crack *filler = malloc(sizeof(Crack));\n         ^\ncracker1.c:211:39: error: \u2018Crack\u2019 undeclared (first use in this function)\n         Crack *filler = malloc(sizeof(Crack));\n                                       ^\ncracker1.c:212:15: error: request for member \u2018username\u2019 in something not a structure or union\n         filler->username = NULL;\n               ^\ncracker1.c:213:15: error: request for member \u2018hash\u2019 in something not a structure or union\n         filler->hash = NULL;\n               ^\ncracker1.c:214:15: error: request for member \u2018partial_password\u2019 in something not a structure or union\n         filler->partial_password = NULL;\n               ^\ncracker1.c:216:15: error: assignment makes pointer from integer without a cast [-Werror]\n         crack = Queue_pull(q);\n               ^\ncracker1.c:179:27: error: unused variable \u2018cdata\u2019 [-Werror=unused-variable]\n         struct crypt_data cdata;\n                           ^\ncracker1.c:163:28: warning: unused parameter \u2018arg\u2019 [-Wunused-parameter]\n void *crack_password(void *arg)\n                            ^\ncc1: all warnings being treated as errors\nmake: *** [.objs/cracker1-release.o] Error 1\n", 
        "ptsPossible": 1.0, 
        "ptsEarned": 0.0, 
        "name": "test_memory_hard", 
        "description": "Test a lot of password"
      }, 
      {
        "log": "Trying to compile your code...\nFAILED TO COMPILE!\ncracker1.c: In function \u2018start\u2019:\ncracker1.c:44:5: error: unknown type name \u2018Queue\u2019\n     Queue queue;\n     ^\ncracker1.c:45:5: error: implicit declaration of function \u2018Queue_init\u2019 [-Werror=implicit-function-declaration]\n     Queue_init(&queue, 100);\n     ^\ncracker1.c:50:5: error: unknown type name \u2018Crack\u2019\n     Crack *crack;\n     ^\ncracker1.c:54:31: error: \u2018Crack\u2019 undeclared (first use in this function)\n         crack = malloc(sizeof(Crack));\n                               ^\ncracker1.c:54:31: note: each undeclared identifier is reported only once for each function it appears in\ncracker1.c:55:14: error: request for member \u2018username\u2019 in something not a structure or union\n         crack->username = username;\n              ^\ncracker1.c:56:14: error: request for member \u2018hash\u2019 in something not a structure or union\n         crack->hash = hash;\n              ^\ncracker1.c:57:14: error: request for member \u2018partial_password\u2019 in something not a structure or union\n         crack->partial_password = partial_password;\n              ^\ncracker1.c:61:45: error: request for member \u2018partial_password\u2019 in something not a structure or union\n         for(unsigned i = 0; i < strlen(crack->partial_password);i++){\n                                             ^\ncracker1.c:66:14: error: request for member \u2018remaining_length\u2019 in something not a structure or union\n         crack->remaining_length = remaining_length;\n              ^\ncracker1.c:68:9: error: implicit declaration of function \u2018Queue_push\u2019 [-Werror=implicit-function-declaration]\n         Queue_push(&queue, crack);\n         ^\ncracker1.c:82:5: error: unknown type name \u2018Task\u2019\n     Task *tasks = malloc(thread_count * sizeof(Task));\n     ^\ncracker1.c:82:48: error: \u2018Task\u2019 undeclared (first use in this function)\n     Task *tasks = malloc(thread_count * sizeof(Task));\n                                                ^\ncracker1.c:84:17: error: request for member \u2018q\u2019 in something not a structure or union\n         tasks[i].q = &queue;\n                 ^\ncracker1.c:85:17: error: request for member \u2018threadId\u2019 in something not a structure or union\n         tasks[i].threadId = i;\n                 ^\ncracker1.c:86:38: error: \u2018crack_password\u2019 undeclared (first use in this function)\n         pthread_create(&pthr[i],NULL,crack_password,&tasks[i]);//int pthread_create(pthread_t *thread, const pthread_attr_t *attr,\n                                      ^\ncracker1.c:91:5: error: unknown type name \u2018Result\u2019\n     Result *ret;\n     ^\ncracker1.c:96:16: error: \u2018Result\u2019 undeclared (first use in this function)\n         ret = (Result *)r;\n                ^\ncracker1.c:96:24: error: expected expression before \u2018)\u2019 token\n         ret = (Result *)r;\n                        ^\ncracker1.c:97:23: error: request for member \u2018success\u2019 in something not a structure or union\n         success += ret->success;\n                       ^\ncracker1.c:98:23: error: request for member \u2018failure\u2019 in something not a structure or union\n         failure =+ ret->failure;\n                       ^\ncracker1.c: At top level:\ncracker1.c:117:25: error: \u2018struct crypt_data\u2019 declared inside parameter list [-Werror]\n int try_password(struct crypt_data *cdata, char *guess, char *hash)\n                         ^\ncracker1.c:117:25: error: its scope is only this definition or declaration, which is probably not what you want [-Werror]\ncracker1.c: In function \u2018try_password\u2019:\ncracker1.c:119:5: error: implicit declaration of function \u2018crypt_r\u2019 [-Werror=implicit-function-declaration]\n     if(strcmp(crypt_r(guess, \"xx\", cdata), hash) == 0)\n     ^\ncracker1.c:119:5: error: passing argument 1 of \u2018strlen\u2019 makes pointer from integer without a cast [-Werror]\nIn file included from cracker1.c:7:0:\n/usr/include/string.h:395:15: note: expected \u2018const char *\u2019 but argument is of type \u2018int\u2019\n extern size_t strlen (const char *__s)\n               ^\ncracker1.c:119:5: error: passing argument 1 of \u2018__builtin_strcmp\u2019 makes pointer from integer without a cast [-Werror]\n     if(strcmp(crypt_r(guess, \"xx\", cdata), hash) == 0)\n     ^\ncracker1.c:119:5: note: expected \u2018const char *\u2019 but argument is of type \u2018int\u2019\ncracker1.c:119:5: error: passing argument 1 of \u2018strlen\u2019 makes pointer from integer without a cast [-Werror]\nIn file included from cracker1.c:7:0:\n/usr/include/string.h:395:15: note: expected \u2018const char *\u2019 but argument is of type \u2018int\u2019\n extern size_t strlen (const char *__s)\n               ^\ncracker1.c:119:5: error: passing argument 1 of \u2018__builtin_strcmp\u2019 makes pointer from integer without a cast [-Werror]\n     if(strcmp(crypt_r(guess, \"xx\", cdata), hash) == 0)\n     ^\ncracker1.c:119:5: note: expected \u2018const char *\u2019 but argument is of type \u2018int\u2019\ncracker1.c:119:5: error: passing argument 1 of \u2018__builtin_strcmp\u2019 makes pointer from integer without a cast [-Werror]\ncracker1.c:119:5: note: expected \u2018const char *\u2019 but argument is of type \u2018int\u2019\ncracker1.c:119:5: error: passing argument 1 of \u2018__builtin_strcmp\u2019 makes pointer from integer without a cast [-Werror]\ncracker1.c:119:5: note: expected \u2018const char *\u2019 but argument is of type \u2018int\u2019\ncracker1.c: At top level:\ncracker1.c:142:27: error: \u2018struct crypt_data\u2019 declared inside parameter list [-Werror]\n int password_guess(struct crypt_data *cdata, char *password, char *hash, int start, int *guesses)\n                           ^\ncracker1.c: In function \u2018password_guess\u2019:\ncracker1.c:155:9: error: passing argument 1 of \u2018try_password\u2019 from incompatible pointer type [-Werror]\n         if(try_password(cdata, password, hash))//base case\n         ^\ncracker1.c:117:5: note: expected \u2018struct crypt_data *\u2019 but argument is of type \u2018struct crypt_data *\u2019\n int try_password(struct crypt_data *cdata, char *guess, char *hash)\n     ^\ncracker1.c: In function \u2018crack_password\u2019:\ncracker1.c:165:5: error: unknown type name \u2018Task\u2019\n     Task *task = (Task *)arg;\n     ^\ncracker1.c:165:19: error: \u2018Task\u2019 undeclared (first use in this function)\n     Task *task = (Task *)arg;\n                   ^\ncracker1.c:165:25: error: expected expression before \u2018)\u2019 token\n     Task *task = (Task *)arg;\n                         ^\ncracker1.c:166:5: error: unknown type name \u2018Queue\u2019\n     Queue *q = task->q;\n     ^\ncracker1.c:166:20: error: request for member \u2018q\u2019 in something not a structure or union\n     Queue *q = task->q;\n                    ^\ncracker1.c:167:5: error: unknown type name \u2018Result\u2019\n     Result *ret = malloc(sizeof(Result));\n     ^\ncracker1.c:167:33: error: \u2018Result\u2019 undeclared (first use in this function)\n     Result *ret = malloc(sizeof(Result));\n                                 ^\ncracker1.c:168:8: error: request for member \u2018success\u2019 in something not a structure or union\n     ret->success = 0;\n        ^\ncracker1.c:169:8: error: request for member \u2018failure\u2019 in something not a structure or union\n     ret->failure = 0;\n        ^\ncracker1.c:171:5: error: unknown type name \u2018Crack\u2019\n     Crack *crack = Queue_pull(q);\n     ^\ncracker1.c:171:5: error: implicit declaration of function \u2018Queue_pull\u2019 [-Werror=implicit-function-declaration]\ncracker1.c:171:20: error: initialization makes pointer from integer without a cast [-Werror]\n     Crack *crack = Queue_pull(q);\n                    ^\ncracker1.c:175:17: error: request for member \u2018username\u2019 in something not a structure or union\n         if(crack->username == NULL)\n                 ^\ncracker1.c:179:27: error: storage size of \u2018cdata\u2019 isn\u2019t known\n         struct crypt_data cdata;\n                           ^\ncracker1.c:185:35: error: request for member \u2018threadId\u2019 in something not a structure or union\n         v1_print_thread_start(task->threadId, crack->username);\n                                   ^\ncracker1.c:185:52: error: request for member \u2018username\u2019 in something not a structure or union\n         v1_print_thread_start(task->threadId, crack->username);\n                                                    ^\ncracker1.c:187:31: error: request for member \u2018partial_password\u2019 in something not a structure or union\n         strcat(password, crack->partial_password);\n                               ^\ncracker1.c:189:50: error: request for member \u2018remaining_length\u2019 in something not a structure or union\n         int start = (int)strlen(password) - crack->remaining_length;\n                                                  ^\ncracker1.c:192:60: error: request for member \u2018hash\u2019 in something not a structure or union\n         int result = password_guess(&cdata, password, crack->hash, start, &guesses);\n                                                            ^\ncracker1.c:201:36: error: request for member \u2018threadId\u2019 in something not a structure or union\n         v1_print_thread_result(task->threadId, crack->username, password, guesses, timeElapsed, result);\n                                    ^\ncracker1.c:201:53: error: request for member \u2018username\u2019 in something not a structure or union\n         v1_print_thread_result(task->threadId, crack->username, password, guesses, timeElapsed, result);\n                                                     ^\ncracker1.c:205:16: error: request for member \u2018success\u2019 in something not a structure or union\n             ret->success++;\n                ^\ncracker1.c:209:16: error: request for member \u2018failure\u2019 in something not a structure or union\n             ret->failure++;\n                ^\ncracker1.c:211:9: error: unknown type name \u2018Crack\u2019\n         Crack *filler = malloc(sizeof(Crack));\n         ^\ncracker1.c:211:39: error: \u2018Crack\u2019 undeclared (first use in this function)\n         Crack *filler = malloc(sizeof(Crack));\n                                       ^\ncracker1.c:212:15: error: request for member \u2018username\u2019 in something not a structure or union\n         filler->username = NULL;\n               ^\ncracker1.c:213:15: error: request for member \u2018hash\u2019 in something not a structure or union\n         filler->hash = NULL;\n               ^\ncracker1.c:214:15: error: request for member \u2018partial_password\u2019 in something not a structure or union\n         filler->partial_password = NULL;\n               ^\ncracker1.c:216:15: error: assignment makes pointer from integer without a cast [-Werror]\n         crack = Queue_pull(q);\n               ^\ncracker1.c:179:27: error: unused variable \u2018cdata\u2019 [-Werror=unused-variable]\n         struct crypt_data cdata;\n                           ^\ncracker1.c:163:28: warning: unused parameter \u2018arg\u2019 [-Wunused-parameter]\n void *crack_password(void *arg)\n                            ^\ncc1: all warnings being treated as errors\nmake: *** [.objs/cracker1-release.o] Error 1\n", 
        "ptsPossible": 1.0, 
        "ptsEarned": 0.0, 
        "name": "test_crypt_r_count", 
        "description": "Test correct password and crypt_r() count"
      }
    ], 
    "checksum": "1cb12f9f6853d4d1ceee07ec0abfac45f1e9e0f5  cracker1.c", 
    "revision": "(Pull Time: 2016-03-15 | Revision # 52462)"
  }
]